#
# There is insufficient memory for the Java Runtime Environment to continue.
# Native memory allocation (mmap) failed to map 81788928 bytes for committing reserved memory.
# Possible reasons:
#   The system is out of physical RAM or swap space
#   In 32 bit mode, the process size limit was hit
# Possible solutions:
#   Reduce memory load on the system
#   Increase physical memory or swap space
#   Check if swap backing store is full
#   Use 64 bit Java on a 64 bit OS
#   Decrease Java heap size (-Xmx/-Xms)
#   Decrease number of Java threads
#   Decrease Java thread stack sizes (-Xss)
#   Set larger code cache with -XX:ReservedCodeCacheSize=
# This output file may be truncated or incomplete.
#
#  Out of Memory Error (os_linux.cpp:2640), pid=4145, tid=0x00007f33929af700
#
# JRE version: OpenJDK Runtime Environment (8.0_152-b01) (build 1.8.0_152-release-1248-b01)
# Java VM: OpenJDK 64-Bit Server VM (25.152-b01 mixed mode linux-amd64 compressed oops)
# Failed to write core dump. Core dumps have been disabled. To enable core dumping, try "ulimit -c unlimited" before starting Java again
#

---------------  T H R E A D  ---------------

Current thread (0x00007f33ac079000):  VMThread [stack: 0x00007f33928b0000,0x00007f33929b0000] [id=4154]

Stack: [0x00007f33928b0000,0x00007f33929b0000],  sp=0x00007f33929ae520,  free space=1017k
Native frames: (J=compiled Java code, j=interpreted, Vv=VM code, C=native code)
V  [libjvm.so+0xa70d2f]  VMError::report_and_die()+0x2af
V  [libjvm.so+0x4c7207]  report_vm_out_of_memory(char const*, int, unsigned long, VMErrorType, char const*)+0x67
V  [libjvm.so+0x8b5b60]  os::pd_commit_memory(char*, unsigned long, unsigned long, bool)+0x100
V  [libjvm.so+0x8b077f]  os::commit_memory(char*, unsigned long, unsigned long, bool)+0x1f
V  [libjvm.so+0x92e436]  PSVirtualSpace::expand_by(unsigned long)+0x56
V  [libjvm.so+0x92f6c8]  PSYoungGen::resize(unsigned long, unsigned long)+0xd8
V  [libjvm.so+0x92be56]  PSScavenge::invoke_no_policy()+0x1356
V  [libjvm.so+0x92c1fc]  PSScavenge::invoke()+0x4c
V  [libjvm.so+0x8dbd98]  ParallelScavengeHeap::failed_mem_allocate(unsigned long)+0x68
V  [libjvm.so+0xa72863]  VM_ParallelGCFailedAllocation::doit()+0x93
V  [libjvm.so+0xa77896]  VM_Operation::evaluate()+0x46
V  [libjvm.so+0xa750f2]  VMThread::evaluate_operation(VM_Operation*) [clone .constprop.31]+0xa2
V  [libjvm.so+0xa7651b]  VMThread::loop()+0x37b
V  [libjvm.so+0xa768c8]  VMThread::run()+0x78
V  [libjvm.so+0x8b3322]  java_start(Thread*)+0x102

VM_Operation (0x00007f33889f2170): ParallelGCFailedAllocation, mode: safepoint, requested by thread 0x00007f334c01b000


---------------  P R O C E S S  ---------------

Java Threads: ( => current thread )
  0x00007f3348638800 JavaThread "Cache worker for file hash cache (/home/iamrishav/Documents/HospitalAdmin/.gradle/5.1.1/fileHashes)" [_thread_blocked, id=4178, stack(0x00007f332bcff000,0x00007f332be00000)]
  0x00007f33480df800 JavaThread "Cache worker for journal cache (/home/iamrishav/.gradle/caches/journal-1)" [_thread_blocked, id=4176, stack(0x00007f33880f4000,0x00007f33881f5000)]
  0x00007f33480dd000 JavaThread "File lock request listener" [_thread_in_native, id=4175, stack(0x00007f33881f5000,0x00007f33882f6000)]
  0x00007f3348105000 JavaThread "Cache worker for file hash cache (/home/iamrishav/.gradle/caches/5.1.1/fileHashes)" [_thread_blocked, id=4174, stack(0x00007f33882f6000,0x00007f33883f7000)]
  0x00007f3348017800 JavaThread "Thread-8" [_thread_blocked, id=4173, stack(0x00007f33885f7000,0x00007f33886f8000)]
  0x00007f334800e800 JavaThread "Stdin handler" [_thread_blocked, id=4172, stack(0x00007f33886f8000,0x00007f33887f9000)]
  0x00007f334800d800 JavaThread "Asynchronous log dispatcher for DefaultDaemonConnection: socket connection from /127.0.0.1:38787 to /127.0.0.1:57508" [_thread_blocked, id=4171, stack(0x00007f33887f9000,0x00007f33888fa000)]
  0x00007f334c01b000 JavaThread "Daemon worker" [_thread_blocked, id=4168, stack(0x00007f33888fa000,0x00007f33889fb000)]
  0x00007f334c008000 JavaThread "Cancel handler" [_thread_blocked, id=4167, stack(0x00007f33889fb000,0x00007f3388afc000)]
  0x00007f334c006000 JavaThread "Handler for socket connection from /127.0.0.1:38787 to /127.0.0.1:57508" [_thread_in_native, id=4166, stack(0x00007f3388afc000,0x00007f3388bfd000)]
  0x00007f335402c000 JavaThread "Daemon" [_thread_blocked, id=4165, stack(0x00007f3388bfd000,0x00007f3388cfe000)]
  0x00007f33acfa2000 JavaThread "Daemon periodic checks" [_thread_blocked, id=4164, stack(0x00007f3388cfe000,0x00007f3388dff000)]
  0x00007f33acf7c000 JavaThread "Incoming local TCP Connector on port 38787" [_thread_in_native, id=4163, stack(0x00007f33900d4000,0x00007f33901d5000)]
  0x00007f33ac0d1000 JavaThread "Service Thread" daemon [_thread_blocked, id=4161, stack(0x00007f33917d9000,0x00007f33918da000)]
  0x00007f33ac0be000 JavaThread "C1 CompilerThread2" daemon [_thread_blocked, id=4160, stack(0x00007f33918db000,0x00007f33919db000)]
  0x00007f33ac0bc000 JavaThread "C2 CompilerThread1" daemon [_thread_blocked, id=4159, stack(0x00007f33919dc000,0x00007f3391adc000)]
  0x00007f33ac0b9000 JavaThread "C2 CompilerThread0" daemon [_thread_blocked, id=4158, stack(0x00007f3391add000,0x00007f3391bdd000)]
  0x00007f33ac0b7800 JavaThread "Signal Dispatcher" daemon [_thread_blocked, id=4157, stack(0x00007f3391bdd000,0x00007f3391cde000)]
  0x00007f33ac085000 JavaThread "Finalizer" daemon [_thread_blocked, id=4156, stack(0x00007f33926ad000,0x00007f33927ae000)]
  0x00007f33ac080800 JavaThread "Reference Handler" daemon [_thread_blocked, id=4155, stack(0x00007f33927ae000,0x00007f33928af000)]
  0x00007f33ac00b800 JavaThread "main" [_thread_blocked, id=4149, stack(0x00007f33b228e000,0x00007f33b238e000)]

Other Threads:
=>0x00007f33ac079000 VMThread [stack: 0x00007f33928b0000,0x00007f33929b0000] [id=4154]
  0x00007f33ac0d3800 WatcherThread [stack: 0x00007f33916d9000,0x00007f33917d9000] [id=4162]

VM state:at safepoint (normal execution)

VM Mutex/Monitor currently owned by a thread:  ([mutex/lock_event])
[0x00007f33ac007c30] Threads_lock - owner thread: 0x00007f33ac079000
[0x00007f33ac008130] Heap_lock - owner thread: 0x00007f334c01b000

Heap:
 PSYoungGen      total 66048K, used 2548K [0x00000000e0000000, 0x00000000e4300000, 0x0000000100000000)
  eden space 63488K, 0% used [0x00000000e0000000,0x00000000e0000000,0x00000000e3e00000)
  from space 2560K, 99% used [0x00000000e3e00000,0x00000000e407d040,0x00000000e4080000)
  to   space 2560K, 0% used [0x00000000e4080000,0x00000000e4080000,0x00000000e4300000)
 ParOldGen       total 42496K, used 13699K [0x00000000a0000000, 0x00000000a2980000, 0x00000000e0000000)
  object space 42496K, 32% used [0x00000000a0000000,0x00000000a0d60dc0,0x00000000a2980000)
 Metaspace       used 18952K, capacity 19466K, committed 19712K, reserved 1067008K
  class space    used 2748K, capacity 2962K, committed 3072K, reserved 1048576K

Card table byte_map: [0x00007f339bcb3000,0x00007f339bfb4000] byte_map_base: 0x00007f339b7b3000

Marking Bits: (ParMarkBitMap*) 0x00007f33b173f160
 Begin Bits: [0x00007f33986af000, 0x00007f3399eaf000)
 End Bits:   [0x00007f3399eaf000, 0x00007f339b6af000)

Polling page: 0x00007f33b23ae000

CodeCache: size=245760Kb used=5271Kb max_used=5283Kb free=240488Kb
 bounds [0x00007f339c374000, 0x00007f339c8a4000, 0x00007f33ab374000]
 total_blobs=1935 nmethods=1537 adapters=312
 compilation: enabled

Compilation events (10 events):
Event: 56.585 Thread 0x00007f33ac0b9000 1545       4       java.util.jar.JarFile::getJarEntry (9 bytes)
Event: 56.596 Thread 0x00007f33ac0bc000 1546   !   4       sun.misc.URLClassPath$JarLoader::getResource (85 bytes)
Event: 56.710 Thread 0x00007f33ac0be000 1547       3       java.util.concurrent.locks.ReentrantLock$NonfairSync::lock (25 bytes)
Event: 56.731 Thread 0x00007f33ac0be000 nmethod 1547 0x00007f339c89c8d0 code [0x00007f339c89caa0, 0x00007f339c89d2f8]
Event: 56.779 Thread 0x00007f33ac0b9000 nmethod 1545 0x00007f339c898bd0 code [0x00007f339c898d40, 0x00007f339c898f48]
Event: 56.779 Thread 0x00007f33ac0b9000 1548   !   4       sun.misc.URLClassPath$JarLoader::ensureOpen (36 bytes)
Event: 56.780 Thread 0x00007f33ac0bc000 nmethod 1546 0x00007f339c89e0d0 code [0x00007f339c89e320, 0x00007f339c89ee40]
Event: 56.782 Thread 0x00007f33ac0bc000 1549       4       sun.misc.URLClassPath::getResource (83 bytes)
Event: 56.788 Thread 0x00007f33ac0b9000 nmethod 1548 0x00007f339c8a0350 code [0x00007f339c8a04c0, 0x00007f339c8a0608]
Event: 56.795 Thread 0x00007f33ac0bc000 nmethod 1549 0x00007f339c89fcd0 code [0x00007f339c89fe40, 0x00007f339c8a0148]

GC Heap History (9 events):
Event: 0.798 GC heap before
{Heap before GC invocations=1 (full 0):
 PSYoungGen      total 18432K, used 15872K [0x00000000e0000000, 0x00000000e1480000, 0x0000000100000000)
  eden space 15872K, 100% used [0x00000000e0000000,0x00000000e0f80000,0x00000000e0f80000)
  from space 2560K, 0% used [0x00000000e1200000,0x00000000e1200000,0x00000000e1480000)
  to   space 2560K, 0% used [0x00000000e0f80000,0x00000000e0f80000,0x00000000e1200000)
 ParOldGen       total 42496K, used 0K [0x00000000a0000000, 0x00000000a2980000, 0x00000000e0000000)
  object space 42496K, 0% used [0x00000000a0000000,0x00000000a0000000,0x00000000a2980000)
 Metaspace       used 6065K, capacity 6190K, committed 6528K, reserved 1056768K
  class space    used 743K, capacity 811K, committed 896K, reserved 1048576K
Event: 0.807 GC heap after
Heap after GC invocations=1 (full 0):
 PSYoungGen      total 18432K, used 2542K [0x00000000e0000000, 0x00000000e2400000, 0x0000000100000000)
  eden space 15872K, 0% used [0x00000000e0000000,0x00000000e0000000,0x00000000e0f80000)
  from space 2560K, 99% used [0x00000000e0f80000,0x00000000e11fbb70,0x00000000e1200000)
  to   space 2560K, 0% used [0x00000000e2180000,0x00000000e2180000,0x00000000e2400000)
 ParOldGen       total 42496K, used 99K [0x00000000a0000000, 0x00000000a2980000, 0x00000000e0000000)
  object space 42496K, 0% used [0x00000000a0000000,0x00000000a0018dd8,0x00000000a2980000)
 Metaspace       used 6065K, capacity 6190K, committed 6528K, reserved 1056768K
  class space    used 743K, capacity 811K, committed 896K, reserved 1048576K
}
Event: 1.037 GC heap before
{Heap before GC invocations=2 (full 0):
 PSYoungGen      total 18432K, used 18414K [0x00000000e0000000, 0x00000000e2400000, 0x0000000100000000)
  eden space 15872K, 100% used [0x00000000e0000000,0x00000000e0f80000,0x00000000e0f80000)
  from space 2560K, 99% used [0x00000000e0f80000,0x00000000e11fbb70,0x00000000e1200000)
  to   space 2560K, 0% used [0x00000000e2180000,0x00000000e2180000,0x00000000e2400000)
 ParOldGen       total 42496K, used 99K [0x00000000a0000000, 0x00000000a2980000, 0x00000000e0000000)
  object space 42496K, 0% used [0x00000000a0000000,0x00000000a0018dd8,0x00000000a2980000)
 Metaspace       used 6813K, capacity 6958K, committed 7040K, reserved 1056768K
  class space    used 836K, capacity 875K, committed 896K, reserved 1048576K
Event: 1.043 GC heap after
Heap after GC invocations=2 (full 0):
 PSYoungGen      total 34304K, used 2554K [0x00000000e0000000, 0x00000000e2400000, 0x0000000100000000)
  eden space 31744K, 0% used [0x00000000e0000000,0x00000000e0000000,0x00000000e1f00000)
  from space 2560K, 99% used [0x00000000e2180000,0x00000000e23fe9b0,0x00000000e2400000)
  to   space 2560K, 0% used [0x00000000e1f00000,0x00000000e1f00000,0x00000000e2180000)
 ParOldGen       total 42496K, used 344K [0x00000000a0000000, 0x00000000a2980000, 0x00000000e0000000)
  object space 42496K, 0% used [0x00000000a0000000,0x00000000a00560f0,0x00000000a2980000)
 Metaspace       used 6813K, capacity 6958K, committed 7040K, reserved 1056768K
  class space    used 836K, capacity 875K, committed 896K, reserved 1048576K
}
Event: 1.617 GC heap before
{Heap before GC invocations=3 (full 0):
 PSYoungGen      total 34304K, used 34298K [0x00000000e0000000, 0x00000000e2400000, 0x0000000100000000)
  eden space 31744K, 100% used [0x00000000e0000000,0x00000000e1f00000,0x00000000e1f00000)
  from space 2560K, 99% used [0x00000000e2180000,0x00000000e23fe9b0,0x00000000e2400000)
  to   space 2560K, 0% used [0x00000000e1f00000,0x00000000e1f00000,0x00000000e2180000)
 ParOldGen       total 42496K, used 344K [0x00000000a0000000, 0x00000000a2980000, 0x00000000e0000000)
  object space 42496K, 0% used [0x00000000a0000000,0x00000000a00560f0,0x00000000a2980000)
 Metaspace       used 9053K, capacity 9308K, committed 9600K, reserved 1056768K
  class space    used 1203K, capacity 1292K, committed 1408K, reserved 1048576K
Event: 1.626 GC heap after
Heap after GC invocations=3 (full 0):
 PSYoungGen      total 34304K, used 2528K [0x00000000e0000000, 0x00000000e4300000, 0x0000000100000000)
  eden space 31744K, 0% used [0x00000000e0000000,0x00000000e0000000,0x00000000e1f00000)
  from space 2560K, 98% used [0x00000000e1f00000,0x00000000e2178020,0x00000000e2180000)
  to   space 2560K, 0% used [0x00000000e4080000,0x00000000e4080000,0x00000000e4300000)
 ParOldGen       total 42496K, used 2471K [0x00000000a0000000, 0x00000000a2980000, 0x00000000e0000000)
  object space 42496K, 5% used [0x00000000a0000000,0x00000000a0269e10,0x00000000a2980000)
 Metaspace       used 9053K, capacity 9308K, committed 9600K, reserved 1056768K
  class space    used 1203K, capacity 1292K, committed 1408K, reserved 1048576K
}
Event: 2.311 GC heap before
{Heap before GC invocations=4 (full 0):
 PSYoungGen      total 34304K, used 34272K [0x00000000e0000000, 0x00000000e4300000, 0x0000000100000000)
  eden space 31744K, 100% used [0x00000000e0000000,0x00000000e1f00000,0x00000000e1f00000)
  from space 2560K, 98% used [0x00000000e1f00000,0x00000000e2178020,0x00000000e2180000)
  to   space 2560K, 0% used [0x00000000e4080000,0x00000000e4080000,0x00000000e4300000)
 ParOldGen       total 42496K, used 2471K [0x00000000a0000000, 0x00000000a2980000, 0x00000000e0000000)
  object space 42496K, 5% used [0x00000000a0000000,0x00000000a0269e10,0x00000000a2980000)
 Metaspace       used 13068K, capacity 13420K, committed 13568K, reserved 1060864K
  class space    used 1810K, capacity 1962K, committed 2048K, reserved 1048576K
Event: 2.320 GC heap after
Heap after GC invocations=4 (full 0):
 PSYoungGen      total 66048K, used 2528K [0x00000000e0000000, 0x00000000e4300000, 0x0000000100000000)
  eden space 63488K, 0% used [0x00000000e0000000,0x00000000e0000000,0x00000000e3e00000)
  from space 2560K, 98% used [0x00000000e4080000,0x00000000e42f8030,0x00000000e4300000)
  to   space 2560K, 0% used [0x00000000e3e00000,0x00000000e3e00000,0x00000000e4080000)
 ParOldGen       total 42496K, used 6207K [0x00000000a0000000, 0x00000000a2980000, 0x00000000e0000000)
  object space 42496K, 14% used [0x00000000a0000000,0x00000000a060fce0,0x00000000a2980000)
 Metaspace       used 13068K, capacity 13420K, committed 13568K, reserved 1060864K
  class space    used 1810K, capacity 1962K, committed 2048K, reserved 1048576K
}
Event: 56.864 GC heap before
{Heap before GC invocations=5 (full 0):
 PSYoungGen      total 66048K, used 66016K [0x00000000e0000000, 0x00000000e4300000, 0x0000000100000000)
  eden space 63488K, 100% used [0x00000000e0000000,0x00000000e3e00000,0x00000000e3e00000)
  from space 2560K, 98% used [0x00000000e4080000,0x00000000e42f8030,0x00000000e4300000)
  to   space 2560K, 0% used [0x00000000e3e00000,0x00000000e3e00000,0x00000000e4080000)
 ParOldGen       total 42496K, used 6207K [0x00000000a0000000, 0x00000000a2980000, 0x00000000e0000000)
  object space 42496K, 14% used [0x00000000a0000000,0x00000000a060fce0,0x00000000a2980000)
 Metaspace       used 18952K, capacity 19466K, committed 19712K, reserved 1067008K
  class space    used 2748K, capacity 2962K, committed 3072K, reserved 1048576K

Deoptimization events (10 events):
Event: 36.250 Thread 0x00007f334c01b000 Uncommon trap: reason=unstable_if action=reinterpret pc=0x00007f339c7fb284 method=java.net.URLClassLoader.getAndVerifyPackage(Ljava/lang/String;Ljava/util/jar/Manifest;Ljava/net/URL;)Ljava/lang/Package; @ 62
Event: 36.251 Thread 0x00007f334c01b000 Uncommon trap: reason=bimorphic action=maybe_recompile pc=0x00007f339c81daec method=java.lang.ClassLoader.getPackage(Ljava/lang/String;)Ljava/lang/Package; @ 47
Event: 36.282 Thread 0x00007f334c01b000 Uncommon trap: reason=unstable_if action=reinterpret pc=0x00007f339c81d64c method=java.net.URLClassLoader.getAndVerifyPackage(Ljava/lang/String;Ljava/util/jar/Manifest;Ljava/net/URL;)Ljava/lang/Package; @ 62
Event: 51.723 Thread 0x00007f334c01b000 Uncommon trap: reason=unstable_if action=reinterpret pc=0x00007f339c50adbc method=java.lang.AbstractStringBuilder.append(Ljava/lang/String;)Ljava/lang/AbstractStringBuilder; @ 1
Event: 51.756 Thread 0x00007f334c01b000 Uncommon trap: reason=unstable_if action=reinterpret pc=0x00007f339c4d9a80 method=java.lang.AbstractStringBuilder.append(Ljava/lang/String;)Ljava/lang/AbstractStringBuilder; @ 1
Event: 55.857 Thread 0x00007f334c01b000 Uncommon trap: reason=unstable_if action=reinterpret pc=0x00007f339c5aa39c method=java.io.UnixFileSystem.normalize(Ljava/lang/String;)Ljava/lang/String; @ 60
Event: 56.283 Thread 0x00007f334c01b000 Uncommon trap: reason=class_check action=maybe_recompile pc=0x00007f339c54a91c method=sun.misc.URLClassPath.getLoader(I)Lsun/misc/URLClassPath$Loader; @ 94
Event: 56.294 Thread 0x00007f334c01b000 Uncommon trap: reason=class_check action=maybe_recompile pc=0x00007f339c654cac method=sun.misc.URLClassPath.getResource(Ljava/lang/String;Z)Lsun/misc/Resource; @ 62
Event: 56.555 Thread 0x00007f334c01b000 Uncommon trap: reason=unstable_if action=reinterpret pc=0x00007f339c59b02c method=java.io.UnixFileSystem.normalize(Ljava/lang/String;)Ljava/lang/String; @ 60
Event: 56.585 Thread 0x00007f334c01b000 Uncommon trap: reason=unstable_if action=reinterpret pc=0x00007f339c88961c method=java.lang.ClassLoader.getClassLoadingLock(Ljava/lang/String;)Ljava/lang/Object; @ 6

Classes redefined (0 events):
No events

Internal exceptions (10 events):
Event: 38.301 Thread 0x00007f334c01b000 Exception <a 'java/lang/NoSuchMethodError': <clinit>> (0x00000000e3760718) thrown at [/usr/local/google/home/ralucas/source/AOSP-openjdk-git/jdk8u/hotspot/src/share/vm/prims/jni.cpp, line 1613]
Event: 39.180 Thread 0x00007f334c01b000 Exception <a 'java/lang/NoSuchMethodError': <clinit>> (0x00000000e3770840) thrown at [/usr/local/google/home/ralucas/source/AOSP-openjdk-git/jdk8u/hotspot/src/share/vm/prims/jni.cpp, line 1613]
Event: 39.447 Thread 0x00007f334c01b000 Exception <a 'java/lang/NoSuchMethodError': <clinit>> (0x00000000e377ca90) thrown at [/usr/local/google/home/ralucas/source/AOSP-openjdk-git/jdk8u/hotspot/src/share/vm/prims/jni.cpp, line 1613]
Event: 39.519 Thread 0x00007f334c01b000 Exception <a 'java/lang/NoSuchMethodError': <clinit>> (0x00000000e3849740) thrown at [/usr/local/google/home/ralucas/source/AOSP-openjdk-git/jdk8u/hotspot/src/share/vm/prims/jni.cpp, line 1613]
Event: 39.540 Thread 0x00007f334c01b000 Exception <a 'java/lang/NoSuchMethodError': <clinit>> (0x00000000e384d688) thrown at [/usr/local/google/home/ralucas/source/AOSP-openjdk-git/jdk8u/hotspot/src/share/vm/prims/jni.cpp, line 1613]
Event: 39.544 Thread 0x00007f334c01b000 Exception <a 'java/lang/NoSuchMethodError': <clinit>> (0x00000000e384f190) thrown at [/usr/local/google/home/ralucas/source/AOSP-openjdk-git/jdk8u/hotspot/src/share/vm/prims/jni.cpp, line 1613]
Event: 39.545 Thread 0x00007f334c01b000 Exception <a 'java/lang/NoSuchMethodError': <clinit>> (0x00000000e3850960) thrown at [/usr/local/google/home/ralucas/source/AOSP-openjdk-git/jdk8u/hotspot/src/share/vm/prims/jni.cpp, line 1613]
Event: 39.545 Thread 0x00007f334c01b000 Exception <a 'java/lang/NoSuchMethodError': <clinit>> (0x00000000e3851fe0) thrown at [/usr/local/google/home/ralucas/source/AOSP-openjdk-git/jdk8u/hotspot/src/share/vm/prims/jni.cpp, line 1613]
Event: 51.708 Thread 0x00007f334c01b000 Implicit null exception at 0x00007f339c50a9f5 to 0x00007f339c50ada9
Event: 51.756 Thread 0x00007f334c01b000 Implicit null exception at 0x00007f339c4d96b6 to 0x00007f339c4d9a69

Events (10 events):
Event: 56.798 loading class org/codehaus/groovy/runtime/powerassert/PowerAssertionError done
Event: 56.806 loading class org/codehaus/groovy/runtime/InvokerHelper$NullScript
Event: 56.806 loading class org/codehaus/groovy/runtime/InvokerHelper$NullScript done
Event: 56.806 loading class org/codehaus/groovy/runtime/InvokerHelper$1
Event: 56.806 loading class org/codehaus/groovy/runtime/InvokerHelper$1 done
Event: 56.806 loading class org/codehaus/groovy/runtime/InvokerInvocationException
Event: 56.806 loading class org/codehaus/groovy/runtime/InvokerInvocationException done
Event: 56.807 loading class org/apache/groovy/io/StringBuilderWriter
Event: 56.807 loading class org/apache/groovy/io/StringBuilderWriter done
Event: 56.815 Executing VM operation: ParallelGCFailedAllocation


Dynamic libraries:
a0000000-a2980000 rw-p 00000000 00:00 0 
a2980000-e0000000 ---p 00000000 00:00 0 
e0000000-e4300000 rw-p 00000000 00:00 0 
e9100000-100000000 ---p 00000000 00:00 0 
100000000-100300000 rw-p 00000000 00:00 0 
100300000-140000000 ---p 00000000 00:00 0 
5575402c9000-5575402ca000 r-xp 00000000 08:01 1311281                    /home/iamrishav/android-studio/jre/bin/java
5575404c9000-5575404ca000 r--p 00000000 08:01 1311281                    /home/iamrishav/android-studio/jre/bin/java
5575404ca000-5575404cb000 rw-p 00001000 08:01 1311281                    /home/iamrishav/android-studio/jre/bin/java
557540fa1000-557540fc2000 rw-p 00000000 00:00 0                          [heap]
7f3324000000-7f3324021000 rw-p 00000000 00:00 0 
7f3324021000-7f3328000000 ---p 00000000 00:00 0 
7f332b3b4000-7f332b3f4000 rw-p 00000000 00:00 0 
7f332b3f4000-7f332b5b4000 ---p 00000000 00:00 0 
7f332b5b4000-7f332b744000 r--s 0312e000 08:01 1353148                    /home/iamrishav/.gradle/caches/jars-3/b791b64bf3b1787fc4e5fe89c9706499/android.jar
7f332b744000-7f332b9b3000 r--s 018f0000 08:01 1352199                    /home/iamrishav/.gradle/caches/jars-3/438bb20d77cfe03831ac0c4dbbd136a3/gradle-api-impldep-4.8.jar
7f332b9b3000-7f332baff000 r--s 00b0e000 08:01 1352197                    /home/iamrishav/.gradle/caches/jars-3/ff4a64c0fa4404770d3cce7e9927f3bf/gradle-api-4.8.jar
7f332baff000-7f332bcff000 rw-p 00000000 00:00 0 
7f332bcff000-7f332bd02000 ---p 00000000 00:00 0 
7f332bd02000-7f332c000000 rw-p 00000000 00:00 0 
7f332c000000-7f332c021000 rw-p 00000000 00:00 0 
7f332c021000-7f3330000000 ---p 00000000 00:00 0 
7f3330000000-7f3330021000 rw-p 00000000 00:00 0 
7f3330021000-7f3334000000 ---p 00000000 00:00 0 
7f3334000000-7f3334021000 rw-p 00000000 00:00 0 
7f3334021000-7f3338000000 ---p 00000000 00:00 0 
7f3338000000-7f3338021000 rw-p 00000000 00:00 0 
7f3338021000-7f333c000000 ---p 00000000 00:00 0 
7f333c000000-7f333c405000 rw-p 00000000 00:00 0 
7f333c405000-7f3340000000 ---p 00000000 00:00 0 
7f3340000000-7f3340021000 rw-p 00000000 00:00 0 
7f3340021000-7f3344000000 ---p 00000000 00:00 0 
7f3344000000-7f3344021000 rw-p 00000000 00:00 0 
7f3344021000-7f3348000000 ---p 00000000 00:00 0 
7f3348000000-7f33489ef000 rw-p 00000000 00:00 0 
7f33489ef000-7f334c000000 ---p 00000000 00:00 0 
7f334c000000-7f334c021000 rw-p 00000000 00:00 0 
7f334c021000-7f3350000000 ---p 00000000 00:00 0 
7f3350000000-7f3350023000 rw-p 00000000 00:00 0 
7f3350023000-7f3354000000 ---p 00000000 00:00 0 
7f3354000000-7f3354069000 rw-p 00000000 00:00 0 
7f3354069000-7f3358000000 ---p 00000000 00:00 0 
7f3358000000-7f3358021000 rw-p 00000000 00:00 0 
7f3358021000-7f335c000000 ---p 00000000 00:00 0 
7f335c000000-7f335c021000 rw-p 00000000 00:00 0 
7f335c021000-7f3360000000 ---p 00000000 00:00 0 
7f3360000000-7f3360021000 rw-p 00000000 00:00 0 
7f3360021000-7f3364000000 ---p 00000000 00:00 0 
7f3364000000-7f3365b09000 rw-p 00000000 00:00 0 
7f3365b09000-7f3368000000 ---p 00000000 00:00 0 
7f3368000000-7f336844c000 rw-p 00000000 00:00 0 
7f336844c000-7f336c000000 ---p 00000000 00:00 0 
7f336c000000-7f336c021000 rw-p 00000000 00:00 0 
7f336c021000-7f3370000000 ---p 00000000 00:00 0 
7f3370000000-7f33723b2000 rw-p 00000000 00:00 0 
7f33723b2000-7f3374000000 ---p 00000000 00:00 0 
7f3374000000-7f3374021000 rw-p 00000000 00:00 0 
7f3374021000-7f3378000000 ---p 00000000 00:00 0 
7f3378000000-7f3378021000 rw-p 00000000 00:00 0 
7f3378021000-7f337c000000 ---p 00000000 00:00 0 
7f337c000000-7f337c021000 rw-p 00000000 00:00 0 
7f337c021000-7f3380000000 ---p 00000000 00:00 0 
7f3380000000-7f338027f000 rw-p 00000000 00:00 0 
7f338027f000-7f3384000000 ---p 00000000 00:00 0 
7f3384000000-7f3384021000 rw-p 00000000 00:00 0 
7f3384021000-7f3388000000 ---p 00000000 00:00 0 
7f33880c2000-7f33880f4000 r--s 00264000 08:01 1353276                    /home/iamrishav/.gradle/caches/jars-3/aa08a5a14a113f7bccc383eacafb5e80/guava-23.6-jre.jar
7f33880f4000-7f33880f7000 ---p 00000000 00:00 0 
7f33880f7000-7f33881f5000 rw-p 00000000 00:00 0 
7f33881f5000-7f33881f8000 ---p 00000000 00:00 0 
7f33881f8000-7f33882f6000 rw-p 00000000 00:00 0 
7f33882f6000-7f33882f9000 ---p 00000000 00:00 0 
7f33882f9000-7f33885f7000 rw-p 00000000 00:00 0 
7f33885f7000-7f33885fa000 ---p 00000000 00:00 0 
7f33885fa000-7f33886f8000 rw-p 00000000 00:00 0 
7f33886f8000-7f33886fb000 ---p 00000000 00:00 0 
7f33886fb000-7f33887f9000 rw-p 00000000 00:00 0 
7f33887f9000-7f33887fc000 ---p 00000000 00:00 0 
7f33887fc000-7f33888fa000 rw-p 00000000 00:00 0 
7f33888fa000-7f33888fd000 ---p 00000000 00:00 0 
7f33888fd000-7f33889fb000 rw-p 00000000 00:00 0 
7f33889fb000-7f33889fe000 ---p 00000000 00:00 0 
7f33889fe000-7f3388afc000 rw-p 00000000 00:00 0 
7f3388afc000-7f3388aff000 ---p 00000000 00:00 0 
7f3388aff000-7f3388bfd000 rw-p 00000000 00:00 0 
7f3388bfd000-7f3388c00000 ---p 00000000 00:00 0 
7f3388c00000-7f3388cfe000 rw-p 00000000 00:00 0 
7f3388cfe000-7f3388d01000 ---p 00000000 00:00 0 
7f3388d01000-7f3388fff000 rw-p 00000000 00:00 0 
7f3388fff000-7f338c000000 rw-p 00000000 00:00 0 
7f338c000000-7f338c021000 rw-p 00000000 00:00 0 
7f338c021000-7f3390000000 ---p 00000000 00:00 0 
7f339002d000-7f339002e000 r--s 00000000 08:01 1353897                    /home/iamrishav/.gradle/caches/jars-3/497c99dc43ce8fece95d0e589f2459bd/gradle-appengine-builder-model-0.1.0.jar
7f339002e000-7f3390054000 r--s 006c3000 08:01 1353157                    /home/iamrishav/.gradle/caches/jars-3/54673220f961286b7fe7394f311c30ba/sdk-tools.jar
7f3390054000-7f33900cd000 r--s 010fd000 08:01 1311241                    /home/iamrishav/android-studio/jre/lib/tools.jar
7f33900cd000-7f33900d4000 r--s 00000000 08:01 4851246                    /usr/lib/x86_64-linux-gnu/gconv/gconv-modules.cache
7f33900d4000-7f33900d7000 ---p 00000000 00:00 0 
7f33900d7000-7f33901d5000 rw-p 00000000 00:00 0 
7f33901d5000-7f33901da000 r--s 0009a000 08:01 1311196                    /home/iamrishav/android-studio/jre/jre/lib/jsse.jar
7f33901da000-7f33901e3000 r-xp 00000000 08:01 1311143                    /home/iamrishav/android-studio/jre/jre/lib/amd64/libmanagement.so
7f33901e3000-7f33903e2000 ---p 00009000 08:01 1311143                    /home/iamrishav/android-studio/jre/jre/lib/amd64/libmanagement.so
7f33903e2000-7f33903e3000 r--p 00008000 08:01 1311143                    /home/iamrishav/android-studio/jre/jre/lib/amd64/libmanagement.so
7f33903e3000-7f33903e4000 rw-p 00009000 08:01 1311143                    /home/iamrishav/android-studio/jre/jre/lib/amd64/libmanagement.so
7f33903e4000-7f33903e7000 r--s 0000e000 08:01 1744741                    /home/iamrishav/.gradle/wrapper/dists/gradle-5.1.1-all/97z1ksx6lirer3kbvdnh7jtjg/gradle-5.1.1/lib/plugins/gradle-tooling-api-builders-5.1.1.jar
7f33903e7000-7f33903e8000 r--s 00005000 08:01 1744762                    /home/iamrishav/.gradle/wrapper/dists/gradle-5.1.1-all/97z1ksx6lirer3kbvdnh7jtjg/gradle-5.1.1/lib/plugins/gradle-build-profile-5.1.1.jar
7f33903e8000-7f33903ea000 r--s 00003000 08:01 1744721                    /home/iamrishav/.gradle/wrapper/dists/gradle-5.1.1-all/97z1ksx6lirer3kbvdnh7jtjg/gradle-5.1.1/lib/plugins/gradle-tooling-native-5.1.1.jar
7f33903ea000-7f33903ef000 r--s 0001d000 08:01 1744723                    /home/iamrishav/.gradle/wrapper/dists/gradle-5.1.1-all/97z1ksx6lirer3kbvdnh7jtjg/gradle-5.1.1/lib/plugins/gradle-testing-native-5.1.1.jar
7f33903ef000-7f33903f1000 r--s 0000f000 08:01 1744818                    /home/iamrishav/.gradle/wrapper/dists/gradle-5.1.1-all/97z1ksx6lirer3kbvdnh7jtjg/gradle-5.1.1/lib/plugins/jcommander-1.72.jar
7f33903f1000-7f33903fa000 r--s 00089000 08:01 1744794                    /home/iamrishav/.gradle/wrapper/dists/gradle-5.1.1-all/97z1ksx6lirer3kbvdnh7jtjg/gradle-5.1.1/lib/plugins/testng-6.3.1.jar
7f33903fa000-7f33903ff000 r--s 0005a000 08:01 1744798                    /home/iamrishav/.gradle/wrapper/dists/gradle-5.1.1-all/97z1ksx6lirer3kbvdnh7jtjg/gradle-5.1.1/lib/plugins/bsh-2.0b6.jar
7f33903ff000-7f3390403000 r--s 0001c000 08:01 1744742                    /home/iamrishav/.gradle/wrapper/dists/gradle-5.1.1-all/97z1ksx6lirer3kbvdnh7jtjg/gradle-5.1.1/lib/plugins/gradle-testing-jvm-5.1.1.jar
7f3390403000-7f3390406000 r--s 00011000 08:01 1744836                    /home/iamrishav/.gradle/wrapper/dists/gradle-5.1.1-all/97z1ksx6lirer3kbvdnh7jtjg/gradle-5.1.1/lib/plugins/junit-platform-commons-1.3.1.jar
7f3390406000-7f3390407000 r--s 00001000 08:01 1744838                    /home/iamrishav/.gradle/wrapper/dists/gradle-5.1.1-all/97z1ksx6lirer3kbvdnh7jtjg/gradle-5.1.1/lib/plugins/opentest4j-1.1.1.jar
7f3390407000-7f339040b000 r--s 0001d000 08:01 1744835                    /home/iamrishav/.gradle/wrapper/dists/gradle-5.1.1-all/97z1ksx6lirer3kbvdnh7jtjg/gradle-5.1.1/lib/plugins/junit-platform-engine-1.3.1.jar
7f339040b000-7f339040c000 r--s 00000000 08:01 1744837                    /home/iamrishav/.gradle/wrapper/dists/gradle-5.1.1-all/97z1ksx6lirer3kbvdnh7jtjg/gradle-5.1.1/lib/plugins/apiguardian-api-1.0.0.jar
7f339040c000-7f339040f000 r--s 00015000 08:01 1744799                    /home/iamrishav/.gradle/wrapper/dists/gradle-5.1.1-all/97z1ksx6lirer3kbvdnh7jtjg/gradle-5.1.1/lib/plugins/junit-platform-launcher-1.3.1.jar
7f339040f000-7f3390411000 r--s 00009000 08:01 1744816                    /home/iamrishav/.gradle/wrapper/dists/gradle-5.1.1-all/97z1ksx6lirer3kbvdnh7jtjg/gradle-5.1.1/lib/plugins/hamcrest-core-1.3.jar
7f3390411000-7f3390419000 r--s 00045000 08:01 1744797                    /home/iamrishav/.gradle/wrapper/dists/gradle-5.1.1-all/97z1ksx6lirer3kbvdnh7jtjg/gradle-5.1.1/lib/plugins/junit-4.12.jar
7f3390419000-7f339041a000 r--s 00003000 08:01 1744740                    /home/iamrishav/.gradle/wrapper/dists/gradle-5.1.1-all/97z1ksx6lirer3kbvdnh7jtjg/gradle-5.1.1/lib/plugins/gradle-testing-junit-platform-5.1.1.jar
7f339041a000-7f3390422000 r--s 00034000 08:01 1744750                    /home/iamrishav/.gradle/wrapper/dists/gradle-5.1.1-all/97z1ksx6lirer3kbvdnh7jtjg/gradle-5.1.1/lib/plugins/gradle-testing-base-5.1.1.jar
7f3390422000-7f339042a000 r--s 00047000 08:01 1744788                    /home/iamrishav/.gradle/wrapper/dists/gradle-5.1.1-all/97z1ksx6lirer3kbvdnh7jtjg/gradle-5.1.1/lib/plugins/bcpg-jdk15on-1.60.jar
7f339042a000-7f339042c000 r--s 0000e000 08:01 1744720                    /home/iamrishav/.gradle/wrapper/dists/gradle-5.1.1-all/97z1ksx6lirer3kbvdnh7jtjg/gradle-5.1.1/lib/plugins/gradle-signing-5.1.1.jar
7f339042c000-7f339042e000 r--s 00009000 08:01 1744729                    /home/iamrishav/.gradle/wrapper/dists/gradle-5.1.1-all/97z1ksx6lirer3kbvdnh7jtjg/gradle-5.1.1/lib/plugins/gradle-scala-5.1.1.jar
7f339042e000-7f339042f000 r--s 00004000 08:01 1744761                    /home/iamrishav/.gradle/wrapper/dists/gradle-5.1.1-all/97z1ksx6lirer3kbvdnh7jtjg/gradle-5.1.1/lib/plugins/gradle-resources-sftp-5.1.1.jar
7f339042f000-7f3390438000 r--s 0005b000 08:01 1744765                    /home/iamrishav/.gradle/wrapper/dists/gradle-5.1.1-all/97z1ksx6lirer3kbvdnh7jtjg/gradle-5.1.1/lib/plugins/aws-java-sdk-kms-1.11.407.jar
7f3390438000-7f339043a000 r--s 00005000 08:01 1744805                    /home/iamrishav/.gradle/wrapper/dists/gradle-5.1.1-all/97z1ksx6lirer3kbvdnh7jtjg/gradle-5.1.1/lib/plugins/jmespath-java-1.11.407.jar
7f339043a000-7f339044d000 r--s 000ca000 08:01 1744764                    /home/iamrishav/.gradle/wrapper/dists/gradle-5.1.1-all/97z1ksx6lirer3kbvdnh7jtjg/gradle-5.1.1/lib/plugins/aws-java-sdk-s3-1.11.407.jar
7f339044d000-7f3390457000 r--s 00081000 08:01 1744834                    /home/iamrishav/.gradle/wrapper/dists/gradle-5.1.1-all/97z1ksx6lirer3kbvdnh7jtjg/gradle-5.1.1/lib/plugins/ion-java-1.0.2.jar
7f3390457000-7f339046d000 r--s 000ca000 08:01 1744766                    /home/iamrishav/.gradle/wrapper/dists/gradle-5.1.1-all/97z1ksx6lirer3kbvdnh7jtjg/gradle-5.1.1/lib/plugins/aws-java-sdk-core-1.11.407.jar
7f339046d000-7f339046f000 r--s 00004000 08:01 1744757                    /home/iamrishav/.gradle/wrapper/dists/gradle-5.1.1-all/97z1ksx6lirer3kbvdnh7jtjg/gradle-5.1.1/lib/plugins/gradle-resources-s3-5.1.1.jar
7f339046f000-7f3390480000 r--s 0008c000 08:01 1744809                    /home/iamrishav/.gradle/wrapper/dists/gradle-5.1.1-all/97z1ksx6lirer3kbvdnh7jtjg/gradle-5.1.1/lib/plugins/joda-time-2.10.jar
7f3390480000-7f3390493000 r--s 00137000 08:01 1744806                    /home/iamrishav/.gradle/wrapper/dists/gradle-5.1.1-all/97z1ksx6lirer3kbvdnh7jtjg/gradle-5.1.1/lib/plugins/jackson-databind-2.9.6.jar
7f3390493000-7f3390496000 r--s 0000e000 08:01 1744808                    /home/iamrishav/.gradle/wrapper/dists/gradle-5.1.1-all/97z1ksx6lirer3kbvdnh7jtjg/gradle-5.1.1/lib/plugins/jackson-annotations-2.9.6.jar
7f3390496000-7f339049b000 r--s 0004b000 08:01 1744807                    /home/iamrishav/.gradle/wrapper/dists/gradle-5.1.1-all/97z1ksx6lirer3kbvdnh7jtjg/gradle-5.1.1/lib/plugins/jackson-core-2.9.6.jar
7f339049b000-7f339049c000 r--s 00001000 08:01 1744773                    /home/iamrishav/.gradle/wrapper/dists/gradle-5.1.1-all/97z1ksx6lirer3kbvdnh7jtjg/gradle-5.1.1/lib/plugins/google-http-client-jackson2-1.25.0.jar
7f339049c000-7f33904a6000 r--s 00056000 08:01 1744774                    /home/iamrishav/.gradle/wrapper/dists/gradle-5.1.1-all/97z1ksx6lirer3kbvdnh7jtjg/gradle-5.1.1/lib/plugins/google-http-client-1.25.0.jar
7f33904a6000-7f33904a9000 r--s 0000d000 08:01 1744772                    /home/iamrishav/.gradle/wrapper/dists/gradle-5.1.1-all/97z1ksx6lirer3kbvdnh7jtjg/gradle-5.1.1/lib/plugins/google-oauth-client-1.25.0.jar
7f33904a9000-7f33904ae000 r--s 0002d000 08:01 1744771                    /home/iamrishav/.gradle/wrapper/dists/gradle-5.1.1-all/97z1ksx6lirer3kbvdnh7jtjg/gradle-5.1.1/lib/plugins/google-api-client-1.25.0.jar
7f33904ae000-7f33904b2000 r--s 0001d000 08:01 1744770                    /home/iamrishav/.gradle/wrapper/dists/gradle-5.1.1-all/97z1ksx6lirer3kbvdnh7jtjg/gradle-5.1.1/lib/plugins/google-api-services-storage-v1-rev136-1.25.0.jar
7f33904b2000-7f33904b4000 r--s 00003000 08:01 1744758                    /home/iamrishav/.gradle/wrapper/dists/gradle-5.1.1-all/97z1ksx6lirer3kbvdnh7jtjg/gradle-5.1.1/lib/plugins/gradle-resources-gcs-5.1.1.jar
7f33904b4000-7f33904b6000 r--s 00010000 08:01 1744756                    /home/iamrishav/.gradle/wrapper/dists/gradle-5.1.1-all/97z1ksx6lirer3kbvdnh7jtjg/gradle-5.1.1/lib/plugins/gradle-reporting-5.1.1.jar
7f33904b6000-7f33904b8000 r--s 00007000 08:01 1744749                    /home/iamrishav/.gradle/wrapper/dists/gradle-5.1.1-all/97z1ksx6lirer3kbvdnh7jtjg/gradle-5.1.1/lib/plugins/gradle-publish-5.1.1.jar
7f33904b8000-7f33904ba000 r--s 0000c000 08:01 1744778                    /home/iamrishav/.gradle/wrapper/dists/gradle-5.1.1-all/97z1ksx6lirer3kbvdnh7jtjg/gradle-5.1.1/lib/plugins/commons-cli-1.4.jar
7f33904ba000-7f33904c1000 r--s 0003e000 08:01 1744737                    /home/iamrishav/.gradle/wrapper/dists/gradle-5.1.1-all/97z1ksx6lirer3kbvdnh7jtjg/gradle-5.1.1/lib/plugins/gradle-plugins-5.1.1.jar
7f33904c1000-7f33904c3000 r--s 0000c000 08:01 1744725                    /home/iamrishav/.gradle/wrapper/dists/gradle-5.1.1-all/97z1ksx6lirer3kbvdnh7jtjg/gradle-5.1.1/lib/plugins/gradle-plugin-development-5.1.1.jar
7f33904c3000-7f33904c9000 r--s 00030000 08:01 1744732                    /home/iamrishav/.gradle/wrapper/dists/gradle-5.1.1-all/97z1ksx6lirer3kbvdnh7jtjg/gradle-5.1.1/lib/plugins/gradle-platform-play-5.1.1.jar
7f33904c9000-7f33904cf000 r--s 0003d000 08:01 1744795                    /home/iamrishav/.gradle/wrapper/dists/gradle-5.1.1-all/97z1ksx6lirer3kbvdnh7jtjg/gradle-5.1.1/lib/plugins/snakeyaml-1.17.jar
7f33904cf000-7f33904e0000 r--s 00076000 08:01 1744747                    /home/iamrishav/.gradle/wrapper/dists/gradle-5.1.1-all/97z1ksx6lirer3kbvdnh7jtjg/gradle-5.1.1/lib/plugins/gradle-platform-native-5.1.1.jar
7f33904e0000-7f33904e4000 r--s 0001b000 08:01 1744746                    /home/iamrishav/.gradle/wrapper/dists/gradle-5.1.1-all/97z1ksx6lirer3kbvdnh7jtjg/gradle-5.1.1/lib/plugins/gradle-platform-jvm-5.1.1.jar
7f33904e4000-7f33904eb000 r--s 00029000 08:01 1744751                    /home/iamrishav/.gradle/wrapper/dists/gradle-5.1.1-all/97z1ksx6lirer3kbvdnh7jtjg/gradle-5.1.1/lib/plugins/gradle-platform-base-5.1.1.jar
7f33904eb000-7f3390518000 r--s 0025e000 08:01 1744779                    /home/iamrishav/.gradle/wrapper/dists/gradle-5.1.1-all/97z1ksx6lirer3kbvdnh7jtjg/gradle-5.1.1/lib/plugins/biz.aQute.bndlib-4.0.0.jar
7f3390518000-7f3390519000 r--s 00004000 08:01 1744719                    /home/iamrishav/.gradle/wrapper/dists/gradle-5.1.1-all/97z1ksx6lirer3kbvdnh7jtjg/gradle-5.1.1/lib/plugins/gradle-osgi-5.1.1.jar
7f3390519000-7f339051c000 r--s 0000c000 08:01 1744784                    /home/iamrishav/.gradle/wrapper/dists/gradle-5.1.1-all/97z1ksx6lirer3kbvdnh7jtjg/gradle-5.1.1/lib/plugins/pmaven-groovy-0.8-20100325.jar
7f339051c000-7f339051d000 r--s 00004000 08:01 1744783                    /home/iamrishav/.gradle/wrapper/dists/gradle-5.1.1-all/97z1ksx6lirer3kbvdnh7jtjg/gradle-5.1.1/lib/plugins/pmaven-common-0.8-20100325.jar
7f339051d000-7f339051e000 r--s 00008000 08:01 1744769                    /home/iamrishav/.gradle/wrapper/dists/gradle-5.1.1-all/97z1ksx6lirer3kbvdnh7jtjg/gradle-5.1.1/lib/plugins/wagon-http-shared-3.0.0.jar
7f339051e000-7f339051f000 r--s 00002000 08:01 1744768                    /home/iamrishav/.gradle/wrapper/dists/gradle-5.1.1-all/97z1ksx6lirer3kbvdnh7jtjg/gradle-5.1.1/lib/plugins/wagon-http-3.0.0.jar
7f339051f000-7f3390520000 r--s 00002000 08:01 1744785                    /home/iamrishav/.gradle/wrapper/dists/gradle-5.1.1-all/97z1ksx6lirer3kbvdnh7jtjg/gradle-5.1.1/lib/plugins/wagon-file-3.0.0.jar
7f3390520000-7f3390522000 r--s 00006000 08:01 1744787                    /home/iamrishav/.gradle/wrapper/dists/gradle-5.1.1-all/97z1ksx6lirer3kbvdnh7jtjg/gradle-5.1.1/lib/plugins/aether-connector-wagon-1.13.1.jar
7f3390522000-7f3390528000 r--s 0002e000 08:01 1744726                    /home/iamrishav/.gradle/wrapper/dists/gradle-5.1.1-all/97z1ksx6lirer3kbvdnh7jtjg/gradle-5.1.1/lib/plugins/gradle-maven-5.1.1.jar
7f3390528000-7f339052b000 r--s 0000b000 08:01 1744739                    /home/iamrishav/.gradle/wrapper/dists/gradle-5.1.1-all/97z1ksx6lirer3kbvdnh7jtjg/gradle-5.1.1/lib/plugins/gradle-language-scala-5.1.1.jar
7f339052b000-7f3390537000 r--s 00059000 08:01 1744724                    /home/iamrishav/.gradle/wrapper/dists/gradle-5.1.1-all/97z1ksx6lirer3kbvdnh7jtjg/gradle-5.1.1/lib/plugins/gradle-language-native-5.1.1.jar
7f3390537000-7f339053a000 r--s 00004000 08:01 1744745                    /home/iamrishav/.gradle/wrapper/dists/gradle-5.1.1-all/97z1ksx6lirer3kbvdnh7jtjg/gradle-5.1.1/lib/plugins/gradle-language-jvm-5.1.1.jar
7f339053a000-7f3390543000 r--s 00040000 08:01 1744743                    /home/iamrishav/.gradle/wrapper/dists/gradle-5.1.1-all/97z1ksx6lirer3kbvdnh7jtjg/gradle-5.1.1/lib/plugins/gradle-language-java-5.1.1.jar
7f3390543000-7f3390545000 r--s 0000b000 08:01 1744738                    /home/iamrishav/.gradle/wrapper/dists/gradle-5.1.1-all/97z1ksx6lirer3kbvdnh7jtjg/gradle-5.1.1/lib/plugins/gradle-language-groovy-5.1.1.jar
7f3390545000-7f339054c000 r--s 00035000 08:01 1744791                    /home/iamrishav/.gradle/wrapper/dists/gradle-5.1.1-all/97z1ksx6lirer3kbvdnh7jtjg/gradle-5.1.1/lib/plugins/simple-4.1.21.jar
7f339054c000-7f3390559000 r--s 00125000 08:01 1744789                    /home/iamrishav/.gradle/wrapper/dists/gradle-5.1.1-all/97z1ksx6lirer3kbvdnh7jtjg/gradle-5.1.1/lib/plugins/rhino-1.7.10.jar
7f3390559000-7f339055d000 r--s 00012000 08:01 1744733                    /home/iamrishav/.gradle/wrapper/dists/gradle-5.1.1-all/97z1ksx6lirer3kbvdnh7jtjg/gradle-5.1.1/lib/plugins/gradle-javascript-5.1.1.jar
7f339055d000-7f3390560000 r--s 00011000 08:01 1744735                    /home/iamrishav/.gradle/wrapper/dists/gradle-5.1.1-all/97z1ksx6lirer3kbvdnh7jtjg/gradle-5.1.1/lib/plugins/gradle-jacoco-5.1.1.jar
7f3390560000-7f3390563000 r--s 00013000 08:01 1744734                    /home/iamrishav/.gradle/wrapper/dists/gradle-5.1.1-all/97z1ksx6lirer3kbvdnh7jtjg/gradle-5.1.1/lib/plugins/gradle-ivy-5.1.1.jar
7f3390563000-7f3390564000 r--s 00002000 08:01 1744727                    /home/iamrishav/.gradle/wrapper/dists/gradle-5.1.1-all/97z1ksx6lirer3kbvdnh7jtjg/gradle-5.1.1/lib/plugins/gradle-ide-play-5.1.1.jar
7f3390564000-7f3390566000 r--s 00011000 08:01 1744796                    /home/iamrishav/.gradle/wrapper/dists/gradle-5.1.1-all/97z1ksx6lirer3kbvdnh7jtjg/gradle-5.1.1/lib/plugins/dd-plist-1.21.jar
7f3390566000-7f339056d000 r--s 00033000 08:01 1744722                    /home/iamrishav/.gradle/wrapper/dists/gradle-5.1.1-all/97z1ksx6lirer3kbvdnh7jtjg/gradle-5.1.1/lib/plugins/gradle-ide-native-5.1.1.jar
7f339056d000-7f3390577000 r--s 0005e000 08:01 1744728                    /home/iamrishav/.gradle/wrapper/dists/gradle-5.1.1-all/97z1ksx6lirer3kbvdnh7jtjg/gradle-5.1.1/lib/plugins/gradle-ide-5.1.1.jar
7f3390577000-7f3390579000 r--s 00008000 08:01 1744731                    /home/iamrishav/.gradle/wrapper/dists/gradle-5.1.1-all/97z1ksx6lirer3kbvdnh7jtjg/gradle-5.1.1/lib/plugins/gradle-ear-5.1.1.jar
7f3390579000-7f339057b000 r--s 00006000 08:01 1744792                    /home/iamrishav/.gradle/wrapper/dists/gradle-5.1.1-all/97z1ksx6lirer3kbvdnh7jtjg/gradle-5.1.1/lib/plugins/jatl-0.2.3.jar
7f339057b000-7f3390582000 r--s 0003d000 08:01 1744748                    /home/iamrishav/.gradle/wrapper/dists/gradle-5.1.1-all/97z1ksx6lirer3kbvdnh7jtjg/gradle-5.1.1/lib/plugins/gradle-diagnostics-5.1.1.jar
7f3390582000-7f3390587000 r--s 00028000 08:01 1744718                    /home/iamrishav/.gradle/wrapper/dists/gradle-5.1.1-all/97z1ksx6lirer3kbvdnh7jtjg/gradle-5.1.1/lib/plugins/gradle-code-quality-5.1.1.jar
7f3390587000-7f3390589000 r--s 0000b000 08:01 1744793                    /home/iamrishav/.gradle/wrapper/dists/gradle-5.1.1-all/97z1ksx6lirer3kbvdnh7jtjg/gradle-5.1.1/lib/plugins/maven-plugin-api-3.0.4.jar
7f3390589000-7f339058b000 r--s 0000c000 08:01 1744831                    /home/iamrishav/.gradle/wrapper/dists/gradle-5.1.1-all/97z1ksx6lirer3kbvdnh7jtjg/gradle-5.1.1/lib/plugins/wagon-provider-api-3.0.0.jar
7f339058b000-7f3390591000 r--s 0003f000 08:01 1744781                    /home/iamrishav/.gradle/wrapper/dists/gradle-5.1.1-all/97z1ksx6lirer3kbvdnh7jtjg/gradle-5.1.1/lib/plugins/maven-compat-3.0.4.jar
7f3390591000-7f3390594000 r--s 0000a000 08:01 1744828                    /home/iamrishav/.gradle/wrapper/dists/gradle-5.1.1-all/97z1ksx6lirer3kbvdnh7jtjg/gradle-5.1.1/lib/plugins/plexus-classworlds-2.5.1.jar
7f3390594000-7f3390598000 r--s 00021000 08:01 1744833                    /home/iamrishav/.gradle/wrapper/dists/gradle-5.1.1-all/97z1ksx6lirer3kbvdnh7jtjg/gradle-5.1.1/lib/plugins/xbean-reflect-3.7.jar
7f3390598000-7f339059f000 r--s 00032000 08:01 1744786                    /home/iamrishav/.gradle/wrapper/dists/gradle-5.1.1-all/97z1ksx6lirer3kbvdnh7jtjg/gradle-5.1.1/lib/plugins/plexus-container-default-1.7.1.jar
7f339059f000-7f33905a5000 r--s 0002e000 08:01 1744736                    /home/iamrishav/.gradle/wrapper/dists/gradle-5.1.1-all/97z1ksx6lirer3kbvdnh7jtjg/gradle-5.1.1/lib/plugins/gradle-build-init-5.1.1.jar
7f33905a5000-7f33905ab000 r--s 0002e000 08:01 1744730                    /home/iamrishav/.gradle/wrapper/dists/gradle-5.1.1-all/97z1ksx6lirer3kbvdnh7jtjg/gradle-5.1.1/lib/plugins/gradle-build-comparison-5.1.1.jar
7f33905ab000-7f33905ac000 r--s 00002000 08:01 1744759                    /home/iamrishav/.gradle/wrapper/dists/gradle-5.1.1-all/97z1ksx6lirer3kbvdnh7jtjg/gradle-5.1.1/lib/plugins/gradle-build-cache-http-5.1.1.jar
7f33905ac000-7f33905ae000 r--s 00009000 08:01 1744717                    /home/iamrishav/.gradle/wrapper/dists/gradle-5.1.1-all/97z1ksx6lirer3kbvdnh7jtjg/gradle-5.1.1/lib/plugins/gradle-antlr-5.1.1.jar
7f33905ae000-7f33905af000 r--s 00005000 08:01 1744716                    /home/iamrishav/.gradle/wrapper/dists/gradle-5.1.1-all/97z1ksx6lirer3kbvdnh7jtjg/gradle-5.1.1/lib/plugins/gradle-announce-5.1.1.jar
7f33905af000-7f33905b2000 r--s 00016000 08:01 1743688                    /home/iamrishav/.gradle/wrapper/dists/gradle-5.1.1-all/97z1ksx6lirer3kbvdnh7jtjg/gradle-5.1.1/lib/gradle-kotlin-dsl-tooling-builders-1.1.1.jar
7f33905b2000-7f33905b4000 r--s 00006000 08:01 1743687                    /home/iamrishav/.gradle/wrapper/dists/gradle-5.1.1-all/97z1ksx6lirer3kbvdnh7jtjg/gradle-5.1.1/lib/gradle-kotlin-dsl-provider-plugins-1.1.1.jar
7f33905b4000-7f33905b5000 r--s 00000000 08:01 1743701                    /home/iamrishav/.gradle/wrapper/dists/gradle-5.1.1-all/97z1ksx6lirer3kbvdnh7jtjg/gradle-5.1.1/lib/gradle-runtime-api-info-5.1.1.jar
7f33905b5000-7f33905ba000 r--s 00040000 08:01 1744803                    /home/iamrishav/.gradle/wrapper/dists/gradle-5.1.1-all/97z1ksx6lirer3kbvdnh7jtjg/gradle-5.1.1/lib/plugins/jsch-0.1.54.jar
7f33905ba000-7f33905bc000 r--s 00010000 08:01 1744819                    /home/iamrishav/.gradle/wrapper/dists/gradle-5.1.1-all/97z1ksx6lirer3kbvdnh7jtjg/gradle-5.1.1/lib/plugins/jzlib-1.1.3.jar
7f33905bc000-7f33905e1000 r--s 00265000 08:01 1744767                    /home/iamrishav/.gradle/wrapper/dists/gradle-5.1.1-all/97z1ksx6lirer3kbvdnh7jtjg/gradle-5.1.1/lib/plugins/org.eclipse.jgit-5.0.3.201809091024-r.jar
7f33905e1000-7f33905e3000 r--s 0000c000 08:01 1744753                    /home/iamrishav/.gradle/wrapper/dists/gradle-5.1.1-all/97z1ksx6lirer3kbvdnh7jtjg/gradle-5.1.1/lib/plugins/gradle-version-control-5.1.1.jar
7f33905e3000-7f33905fc000 r--s 0013a000 08:01 1744802                    /home/iamrishav/.gradle/wrapper/dists/gradle-5.1.1-all/97z1ksx6lirer3kbvdnh7jtjg/gradle-5.1.1/lib/plugins/xercesImpl-2.12.0.jar
7f33905fc000-7f33905fe000 r--s 0001d000 08:01 1744801                    /home/iamrishav/.gradle/wrapper/dists/gradle-5.1.1-all/97z1ksx6lirer3kbvdnh7jtjg/gradle-5.1.1/lib/plugins/nekohtml-1.9.22.jar
7f33905fe000-7f3390604000 r--s 0005b000 08:01 1744800                    /home/iamrishav/.gradle/wrapper/dists/gradle-5.1.1-all/97z1ksx6lirer3kbvdnh7jtjg/gradle-5.1.1/lib/plugins/jcifs-1.3.17.jar
7f3390604000-7f339060b000 r--s 0004b000 08:01 1744776                    /home/iamrishav/.gradle/wrapper/dists/gradle-5.1.1-all/97z1ksx6lirer3kbvdnh7jtjg/gradle-5.1.1/lib/plugins/commons-codec-1.11.jar
7f339060b000-7f3390612000 r--s 00049000 08:01 1744817                    /home/iamrishav/.gradle/wrapper/dists/gradle-5.1.1-all/97z1ksx6lirer3kbvdnh7jtjg/gradle-5.1.1/lib/plugins/httpcore-4.4.10.jar
7f3390612000-7f339061f000 r--s 000af000 08:01 1744775                    /home/iamrishav/.gradle/wrapper/dists/gradle-5.1.1-all/97z1ksx6lirer3kbvdnh7jtjg/gradle-5.1.1/lib/plugins/httpclient-4.5.6.jar
7f339061f000-7f3390621000 r--s 0000e000 08:01 1744760                    /home/iamrishav/.gradle/wrapper/dists/gradle-5.1.1-all/97z1ksx6lirer3kbvdnh7jtjg/gradle-5.1.1/lib/plugins/gradle-resources-http-5.1.1.jar
7f3390621000-7f3390624000 r--s 0000c000 08:01 1744752                    /home/iamrishav/.gradle/wrapper/dists/gradle-5.1.1-all/97z1ksx6lirer3kbvdnh7jtjg/gradle-5.1.1/lib/plugins/gradle-plugin-use-5.1.1.jar
7f3390624000-7f3390627000 r--s 0000d000 08:01 1744755                    /home/iamrishav/.gradle/wrapper/dists/gradle-5.1.1-all/97z1ksx6lirer3kbvdnh7jtjg/gradle-5.1.1/lib/plugins/gradle-composite-builds-5.1.1.jar
7f3390627000-7f3390628000 r--s 00000000 08:01 1743704                    /home/iamrishav/.gradle/wrapper/dists/gradle-5.1.1-all/97z1ksx6lirer3kbvdnh7jtjg/gradle-5.1.1/lib/gradle-installation-beacon-5.1.1.jar
7f3390628000-7f339062a000 r--s 00006000 08:01 1744823                    /home/iamrishav/.gradle/wrapper/dists/gradle-5.1.1-all/97z1ksx6lirer3kbvdnh7jtjg/gradle-5.1.1/lib/plugins/maven-repository-metadata-3.0.4.jar
7f339062a000-7f339062c000 r--s 0000c000 08:01 1744811                    /home/iamrishav/.gradle/wrapper/dists/gradle-5.1.1-all/97z1ksx6lirer3kbvdnh7jtjg/gradle-5.1.1/lib/plugins/maven-aether-provider-3.0.4.jar
7f339062c000-7f339062d000 r--s 00003000 08:01 1744813                    /home/iamrishav/.gradle/wrapper/dists/gradle-5.1.1-all/97z1ksx6lirer3kbvdnh7jtjg/gradle-5.1.1/lib/plugins/aether-spi-1.13.1.jar
7f339062d000-7f3390630000 r--s 0001d000 08:01 1744812                    /home/iamrishav/.gradle/wrapper/dists/gradle-5.1.1-all/97z1ksx6lirer3kbvdnh7jtjg/gradle-5.1.1/lib/plugins/aether-impl-1.13.1.jar
7f3390630000-7f3390634000 r--s 0001c000 08:01 1744814                    /home/iamrishav/.gradle/wrapper/dists/gradle-5.1.1-all/97z1ksx6lirer3kbvdnh7jtjg/gradle-5.1.1/lib/plugins/aether-util-1.13.1.jar
7f3390634000-7f3390637000 r--s 00013000 08:01 1744815                    /home/iamrishav/.gradle/wrapper/dists/gradle-5.1.1-all/97z1ksx6lirer3kbvdnh7jtjg/gradle-5.1.1/lib/plugins/aether-api-1.13.1.jar
7f3390637000-7f3390639000 r--s 0000b000 08:01 1744820                    /home/iamrishav/.gradle/wrapper/dists/gradle-5.1.1-all/97z1ksx6lirer3kbvdnh7jtjg/gradle-5.1.1/lib/plugins/maven-artifact-3.0.4.jar
7f3390639000-7f339063d000 r--s 00021000 08:01 1744821                    /home/iamrishav/.gradle/wrapper/dists/gradle-5.1.1-all/97z1ksx6lirer3kbvdnh7jtjg/gradle-5.1.1/lib/plugins/maven-model-builder-3.0.4.jar
7f339063d000-7f339063f000 r--s 00026000 08:01 1744822                    /home/iamrishav/.gradle/wrapper/dists/gradle-5.1.1-all/97z1ksx6lirer3kbvdnh7jtjg/gradle-5.1.1/lib/plugins/maven-model-3.0.4.jar
7f339063f000-7f3390641000 r--s 0000a000 08:01 1744825                    /home/iamrishav/.gradle/wrapper/dists/gradle-5.1.1-all/97z1ksx6lirer3kbvdnh7jtjg/gradle-5.1.1/lib/plugins/maven-settings-3.0.4.jar
7f3390641000-7f3390643000 r--s 00002000 08:01 1744827                    /home/iamrishav/.gradle/wrapper/dists/gradle-5.1.1-all/97z1ksx6lirer3kbvdnh7jtjg/gradle-5.1.1/lib/plugins/plexus-cipher-1.7.jar
7f3390643000-7f3390644000 r--s 00006000 08:01 1744826                    /home/iamrishav/.gradle/wrapper/dists/gradle-5.1.1-all/97z1ksx6lirer3kbvdnh7jtjg/gradle-5.1.1/lib/plugins/plexus-sec-dispatcher-1.3.jar
7f3390644000-7f3390646000 r--s 00000000 08:01 1744829                    /home/iamrishav/.gradle/wrapper/dists/gradle-5.1.1-all/97z1ksx6lirer3kbvdnh7jtjg/gradle-5.1.1/lib/plugins/plexus-component-annotations-1.5.5.jar
7f3390646000-7f3390648000 r--s 0000d000 08:01 1744830                    /home/iamrishav/.gradle/wrapper/dists/gradle-5.1.1-all/97z1ksx6lirer3kbvdnh7jtjg/gradle-5.1.1/lib/plugins/plexus-interpolation-1.14.jar
7f3390648000-7f339064c000 r--s 0003c000 08:01 1744832                    /home/iamrishav/.gradle/wrapper/dists/gradle-5.1.1-all/97z1ksx6lirer3kbvdnh7jtjg/gradle-5.1.1/lib/plugins/plexus-utils-3.1.0.jar
7f339064c000-7f339064f000 r--s 00008000 08:01 1744824                    /home/iamrishav/.gradle/wrapper/dists/gradle-5.1.1-all/97z1ksx6lirer3kbvdnh7jtjg/gradle-5.1.1/lib/plugins/maven-settings-builder-3.0.4.jar
7f339064f000-7f339065b000 r--s 0007d000 08:01 1744782                    /home/iamrishav/.gradle/wrapper/dists/gradle-5.1.1-all/97z1ksx6lirer3kbvdnh7jtjg/gradle-5.1.1/lib/plugins/maven-core-3.0.4.jar
7f339065b000-7f33906b3000 r--s 003a7000 08:01 1744810                    /home/iamrishav/.gradle/wrapper/dists/gradle-5.1.1-all/97z1ksx6lirer3kbvdnh7jtjg/gradle-5.1.1/lib/plugins/bcprov-jdk15on-1.60.jar
7f33906b3000-7f33906e5000 r--s 001a9000 08:01 1744754                    /home/iamrishav/.gradle/wrapper/dists/gradle-5.1.1-all/97z1ksx6lirer3kbvdnh7jtjg/gradle-5.1.1/lib/plugins/gradle-dependency-management-5.1.1.jar
7f33906e5000-7f33906fc000 r-xp 00000000 08:01 142102                     /lib/x86_64-linux-gnu/libgcc_s.so.1
7f33906fc000-7f33908fb000 ---p 00017000 08:01 142102                     /lib/x86_64-linux-gnu/libgcc_s.so.1
7f33908fb000-7f33908fc000 r--p 00016000 08:01 142102                     /lib/x86_64-linux-gnu/libgcc_s.so.1
7f33908fc000-7f33908fd000 rw-p 00017000 08:01 142102                     /lib/x86_64-linux-gnu/libgcc_s.so.1
7f33908fd000-7f3390a76000 r-xp 00000000 08:01 4721287                    /usr/lib/x86_64-linux-gnu/libstdc++.so.6.0.25
7f3390a76000-7f3390c76000 ---p 00179000 08:01 4721287                    /usr/lib/x86_64-linux-gnu/libstdc++.so.6.0.25
7f3390c76000-7f3390c80000 r--p 00179000 08:01 4721287                    /usr/lib/x86_64-linux-gnu/libstdc++.so.6.0.25
7f3390c80000-7f3390c82000 rw-p 00183000 08:01 4721287                    /usr/lib/x86_64-linux-gnu/libstdc++.so.6.0.25
7f3390c82000-7f3390c86000 rw-p 00000000 00:00 0 
7f3390c86000-7f3390c9b000 r--s 00116000 08:01 1744780                    /home/iamrishav/.gradle/wrapper/dists/gradle-5.1.1-all/97z1ksx6lirer3kbvdnh7jtjg/gradle-5.1.1/lib/plugins/ivy-2.3.0.jar
7f3390c9b000-7f3390ca0000 r--s 00036000 08:01 1744790                    /home/iamrishav/.gradle/wrapper/dists/gradle-5.1.1-all/97z1ksx6lirer3kbvdnh7jtjg/gradle-5.1.1/lib/plugins/gson-2.8.5.jar
7f3390ca0000-7f3390ca1000 r--s 00013000 08:01 1744777                    /home/iamrishav/.gradle/wrapper/dists/gradle-5.1.1-all/97z1ksx6lirer3kbvdnh7jtjg/gradle-5.1.1/lib/plugins/asm-util-7.0.jar
7f3390ca1000-7f3390ca3000 r--s 0000f000 08:01 1744763                    /home/iamrishav/.gradle/wrapper/dists/gradle-5.1.1-all/97z1ksx6lirer3kbvdnh7jtjg/gradle-5.1.1/lib/plugins/gradle-workers-5.1.1.jar
7f3390ca3000-7f3390ca8000 r-xp 00000000 08:01 1322428                    /home/iamrishav/.gradle/native/25/linux-amd64/libnative-platform.so
7f3390ca8000-7f3390ea7000 ---p 00005000 08:01 1322428                    /home/iamrishav/.gradle/native/25/linux-amd64/libnative-platform.so
7f3390ea7000-7f3390ea8000 rw-p 00004000 08:01 1322428                    /home/iamrishav/.gradle/native/25/linux-amd64/libnative-platform.so
7f3390ea8000-7f3390eb9000 r-xp 00000000 08:01 1311167                    /home/iamrishav/android-studio/jre/jre/lib/amd64/libnio.so
7f3390eb9000-7f33910b8000 ---p 00011000 08:01 1311167                    /home/iamrishav/android-studio/jre/jre/lib/amd64/libnio.so
7f33910b8000-7f33910b9000 r--p 00010000 08:01 1311167                    /home/iamrishav/android-studio/jre/jre/lib/amd64/libnio.so
7f33910b9000-7f33910ba000 rw-p 00011000 08:01 1311167                    /home/iamrishav/android-studio/jre/jre/lib/amd64/libnio.so
7f33910ba000-7f33910d0000 r-xp 00000000 08:01 1311176                    /home/iamrishav/android-studio/jre/jre/lib/amd64/libnet.so
7f33910d0000-7f33912cf000 ---p 00016000 08:01 1311176                    /home/iamrishav/android-studio/jre/jre/lib/amd64/libnet.so
7f33912cf000-7f33912d0000 r--p 00015000 08:01 1311176                    /home/iamrishav/android-studio/jre/jre/lib/amd64/libnet.so
7f33912d0000-7f33912d1000 rw-p 00016000 08:01 1311176                    /home/iamrishav/android-studio/jre/jre/lib/amd64/libnet.so
7f33912d1000-7f33912d2000 r--s 00006000 08:01 1743703                    /home/iamrishav/.gradle/wrapper/dists/gradle-5.1.1-all/97z1ksx6lirer3kbvdnh7jtjg/gradle-5.1.1/lib/gradle-wrapper-5.1.1.jar
7f33912d2000-7f33912e1000 r--s 0004b000 08:01 1743702                    /home/iamrishav/.gradle/wrapper/dists/gradle-5.1.1-all/97z1ksx6lirer3kbvdnh7jtjg/gradle-5.1.1/lib/gradle-tooling-api-5.1.1.jar
7f33912e1000-7f33912f0000 r--s 00231000 08:01 1743698                    /home/iamrishav/.gradle/wrapper/dists/gradle-5.1.1-all/97z1ksx6lirer3kbvdnh7jtjg/gradle-5.1.1/lib/kotlinx-metadata-jvm-0.0.4.jar
7f33912f0000-7f33912f2000 r--s 00002000 08:01 1743697                    /home/iamrishav/.gradle/wrapper/dists/gradle-5.1.1-all/97z1ksx6lirer3kbvdnh7jtjg/gradle-5.1.1/lib/kotlin-stdlib-jdk8-1.3.11.jar
7f33912f2000-7f33912f3000 r--s 00000000 08:01 1743696                    /home/iamrishav/.gradle/wrapper/dists/gradle-5.1.1-all/97z1ksx6lirer3kbvdnh7jtjg/gradle-5.1.1/lib/kotlin-stdlib-jdk7-1.3.11.jar
7f33912f3000-7f33912fa000 r--s 0001e000 08:01 1743695                    /home/iamrishav/.gradle/wrapper/dists/gradle-5.1.1-all/97z1ksx6lirer3kbvdnh7jtjg/gradle-5.1.1/lib/kotlin-stdlib-common-1.3.11.jar
7f33912fa000-7f339130d000 r--s 0010e000 08:01 1743694                    /home/iamrishav/.gradle/wrapper/dists/gradle-5.1.1-all/97z1ksx6lirer3kbvdnh7jtjg/gradle-5.1.1/lib/kotlin-stdlib-1.3.11.jar
7f339130d000-7f339130f000 r--s 00009000 08:01 1743693                    /home/iamrishav/.gradle/wrapper/dists/gradle-5.1.1-all/97z1ksx6lirer3kbvdnh7jtjg/gradle-5.1.1/lib/kotlin-script-runtime-1.3.11.jar
7f339130f000-7f3391310000 r--s 00002000 08:01 1743692                    /home/iamrishav/.gradle/wrapper/dists/gradle-5.1.1-all/97z1ksx6lirer3kbvdnh7jtjg/gradle-5.1.1/lib/kotlin-sam-with-receiver-compiler-plugin-1.3.11.jar
7f3391310000-7f3391346000 r--s 00250000 08:01 1743691                    /home/iamrishav/.gradle/wrapper/dists/gradle-5.1.1-all/97z1ksx6lirer3kbvdnh7jtjg/gradle-5.1.1/lib/kotlin-reflect-1.3.11.jar
7f3391346000-7f339151f000 r--s 01b06000 08:01 1743690                    /home/iamrishav/.gradle/wrapper/dists/gradle-5.1.1-all/97z1ksx6lirer3kbvdnh7jtjg/gradle-5.1.1/lib/kotlin-compiler-embeddable-1.3.11.jar
7f339151f000-7f3391520000 r--s 00001000 08:01 1743689                    /home/iamrishav/.gradle/wrapper/dists/gradle-5.1.1-all/97z1ksx6lirer3kbvdnh7jtjg/gradle-5.1.1/lib/gradle-kotlin-dsl-tooling-models-1.1.1.jar
7f3391520000-7f3391522000 r--s 00003000 08:01 1743685                    /home/iamrishav/.gradle/wrapper/dists/gradle-5.1.1-all/97z1ksx6lirer3kbvdnh7jtjg/gradle-5.1.1/lib/annotations-13.0.jar
7f3391522000-7f339153c000 r--s 0014e000 08:01 1743686                    /home/iamrishav/.gradle/wrapper/dists/gradle-5.1.1-all/97z1ksx6lirer3kbvdnh7jtjg/gradle-5.1.1/lib/gradle-kotlin-dsl-1.1.1.jar
7f339153c000-7f339153e000 r--s 00007000 08:01 1743708                    /home/iamrishav/.gradle/wrapper/dists/gradle-5.1.1-all/97z1ksx6lirer3kbvdnh7jtjg/gradle-5.1.1/lib/gradle-build-cache-packaging-5.1.1.jar
7f339153e000-7f3391541000 r--s 00010000 08:01 1743707                    /home/iamrishav/.gradle/wrapper/dists/gradle-5.1.1-all/97z1ksx6lirer3kbvdnh7jtjg/gradle-5.1.1/lib/gradle-execution-5.1.1.jar
7f3391541000-7f3391545000 r--s 0001a000 08:01 1743710                    /home/iamrishav/.gradle/wrapper/dists/gradle-5.1.1-all/97z1ksx6lirer3kbvdnh7jtjg/gradle-5.1.1/lib/gradle-files-5.1.1.jar
7f3391545000-7f339154a000 r--s 00022000 08:01 1743709                    /home/iamrishav/.gradle/wrapper/dists/gradle-5.1.1-all/97z1ksx6lirer3kbvdnh7jtjg/gradle-5.1.1/lib/gradle-snapshots-5.1.1.jar
7f339154a000-7f339154b000 r--s 00003000 08:01 1743723                    /home/iamrishav/.gradle/wrapper/dists/gradle-5.1.1-all/97z1ksx6lirer3kbvdnh7jtjg/gradle-5.1.1/lib/gradle-build-option-5.1.1.jar
7f339154b000-7f339154d000 r--s 00005000 08:01 1744640                    /home/iamrishav/.gradle/wrapper/dists/gradle-5.1.1-all/97z1ksx6lirer3kbvdnh7jtjg/gradle-5.1.1/lib/gradle-cli-5.1.1.jar
7f339154d000-7f339154f000 r--s 00004000 08:01 1744684                    /home/iamrishav/.gradle/wrapper/dists/gradle-5.1.1-all/97z1ksx6lirer3kbvdnh7jtjg/gradle-5.1.1/lib/log4j-over-slf4j-1.7.25.jar
7f339154f000-7f3391551000 r--s 00000000 08:01 1744683                    /home/iamrishav/.gradle/wrapper/dists/gradle-5.1.1-all/97z1ksx6lirer3kbvdnh7jtjg/gradle-5.1.1/lib/jul-to-slf4j-1.7.25.jar
7f3391551000-7f3391553000 r--s 00003000 08:01 1744682                    /home/iamrishav/.gradle/wrapper/dists/gradle-5.1.1-all/97z1ksx6lirer3kbvdnh7jtjg/gradle-5.1.1/lib/jcl-over-slf4j-1.7.25.jar
7f3391553000-7f339155b000 r--s 00035000 08:01 1743716                    /home/iamrishav/.gradle/wrapper/dists/gradle-5.1.1-all/97z1ksx6lirer3kbvdnh7jtjg/gradle-5.1.1/lib/gradle-logging-5.1.1.jar
7f339155b000-7f3391560000 r--s 00015000 08:01 1743718                    /home/iamrishav/.gradle/wrapper/dists/gradle-5.1.1-all/97z1ksx6lirer3kbvdnh7jtjg/gradle-5.1.1/lib/gradle-resources-5.1.1.jar
7f3391560000-7f3391567000 r--s 00036000 08:01 1743715                    /home/iamrishav/.gradle/wrapper/dists/gradle-5.1.1-all/97z1ksx6lirer3kbvdnh7jtjg/gradle-5.1.1/lib/gradle-persistent-cache-5.1.1.jar
7f3391567000-7f339156c000 r--s 00014000 08:01 1743714                    /home/iamrishav/.gradle/wrapper/dists/gradle-5.1.1-all/97z1ksx6lirer3kbvdnh7jtjg/gradle-5.1.1/lib/gradle-build-cache-5.1.1.jar
7f339156c000-7f339157d000 r--s 00092000 08:01 1743712                    /home/iamrishav/.gradle/wrapper/dists/gradle-5.1.1-all/97z1ksx6lirer3kbvdnh7jtjg/gradle-5.1.1/lib/gradle-model-core-5.1.1.jar
7f339157d000-7f339157f000 r--s 0000d000 08:01 1743720                    /home/iamrishav/.gradle/wrapper/dists/gradle-5.1.1-all/97z1ksx6lirer3kbvdnh7jtjg/gradle-5.1.1/lib/gradle-base-services-groovy-5.1.1.jar
7f339157f000-7f3391581000 r--s 00007000 08:01 1743711                    /home/iamrishav/.gradle/wrapper/dists/gradle-5.1.1-all/97z1ksx6lirer3kbvdnh7jtjg/gradle-5.1.1/lib/gradle-model-groovy-5.1.1.jar
7f3391581000-7f3391583000 r--s 00006000 08:01 1744675                    /home/iamrishav/.gradle/wrapper/dists/gradle-5.1.1-all/97z1ksx6lirer3kbvdnh7jtjg/gradle-5.1.1/lib/gradle-docs-5.1.1.jar
7f3391583000-7f339158c000 r--s 0002d000 08:01 1744696                    /home/iamrishav/.gradle/wrapper/dists/gradle-5.1.1-all/97z1ksx6lirer3kbvdnh7jtjg/gradle-5.1.1/lib/xml-apis-1.4.01.jar
7f339158c000-7f339158d000 r--s 00000000 08:01 1744692                    /home/iamrishav/.gradle/wrapper/dists/gradle-5.1.1-all/97z1ksx6lirer3kbvdnh7jtjg/gradle-5.1.1/lib/javax.inject-1.jar
7f339158d000-7f3391612000 r--s 007a7000 08:01 1744690                    /home/iamrishav/.gradle/wrapper/dists/gradle-5.1.1-all/97z1ksx6lirer3kbvdnh7jtjg/gradle-5.1.1/lib/groovy-all-1.0-2.5.4.jar
7f3391612000-7f339161d000 r--s 00086000 08:01 1744695                    /home/iamrishav/.gradle/wrapper/dists/gradle-5.1.1-all/97z1ksx6lirer3kbvdnh7jtjg/gradle-5.1.1/lib/commons-compress-1.18.jar
7f339161d000-7f339162a000 r--s 00083000 08:01 1744693                    /home/iamrishav/.gradle/wrapper/dists/gradle-5.1.1-all/97z1ksx6lirer3kbvdnh7jtjg/gradle-5.1.1/lib/commons-collections-3.2.2.jar
7f339162a000-7f339162c000 r--s 00007000 08:01 1744677                    /home/iamrishav/.gradle/wrapper/dists/gradle-5.1.1-all/97z1ksx6lirer3kbvdnh7jtjg/gradle-5.1.1/lib/asm-analysis-7.0.jar
7f339162c000-7f339162e000 r--s 0000b000 08:01 1744678                    /home/iamrishav/.gradle/wrapper/dists/gradle-5.1.1-all/97z1ksx6lirer3kbvdnh7jtjg/gradle-5.1.1/lib/asm-tree-7.0.jar
7f339162e000-7f3391630000 r--s 00012000 08:01 1744676                    /home/iamrishav/.gradle/wrapper/dists/gradle-5.1.1-all/97z1ksx6lirer3kbvdnh7jtjg/gradle-5.1.1/lib/asm-commons-7.0.jar
7f3391630000-7f3391631000 r--s 00004000 08:01 1744702                    /home/iamrishav/.gradle/wrapper/dists/gradle-5.1.1-all/97z1ksx6lirer3kbvdnh7jtjg/gradle-5.1.1/lib/native-platform-freebsd-amd64-libcpp-0.14.jar
7f3391631000-7f3391632000 r--s 00004000 08:01 1744703                    /home/iamrishav/.gradle/wrapper/dists/gradle-5.1.1-all/97z1ksx6lirer3kbvdnh7jtjg/gradle-5.1.1/lib/native-platform-freebsd-amd64-libstdcpp-0.14.jar
7f3391632000-7f3391633000 r--s 00004000 08:01 1744704                    /home/iamrishav/.gradle/wrapper/dists/gradle-5.1.1-all/97z1ksx6lirer3kbvdnh7jtjg/gradle-5.1.1/lib/native-platform-freebsd-i386-libcpp-0.14.jar
7f3391633000-7f3391634000 r--s 00003000 08:01 1744705                    /home/iamrishav/.gradle/wrapper/dists/gradle-5.1.1-all/97z1ksx6lirer3kbvdnh7jtjg/gradle-5.1.1/lib/native-platform-freebsd-i386-libstdcpp-0.14.jar
7f3391634000-7f3391635000 r--s 00002000 08:01 1744706                    /home/iamrishav/.gradle/wrapper/dists/gradle-5.1.1-all/97z1ksx6lirer3kbvdnh7jtjg/gradle-5.1.1/lib/native-platform-linux-amd64-0.14.jar
7f3391635000-7f3391636000 r--s 00002000 08:01 1744707                    /home/iamrishav/.gradle/wrapper/dists/gradle-5.1.1-all/97z1ksx6lirer3kbvdnh7jtjg/gradle-5.1.1/lib/native-platform-linux-i386-0.14.jar
7f3391636000-7f3391638000 r--s 00002000 08:01 1744708                    /home/iamrishav/.gradle/wrapper/dists/gradle-5.1.1-all/97z1ksx6lirer3kbvdnh7jtjg/gradle-5.1.1/lib/native-platform-osx-amd64-0.14.jar
7f3391638000-7f3391639000 r--s 00003000 08:01 1744709                    /home/iamrishav/.gradle/wrapper/dists/gradle-5.1.1-all/97z1ksx6lirer3kbvdnh7jtjg/gradle-5.1.1/lib/native-platform-osx-i386-0.14.jar
7f3391639000-7f339163b000 r--s 0000b000 08:01 1744710                    /home/iamrishav/.gradle/wrapper/dists/gradle-5.1.1-all/97z1ksx6lirer3kbvdnh7jtjg/gradle-5.1.1/lib/native-platform-windows-amd64-0.14.jar
7f339163b000-7f339163c000 r--s 0000b000 08:01 1744711                    /home/iamrishav/.gradle/wrapper/dists/gradle-5.1.1-all/97z1ksx6lirer3kbvdnh7jtjg/gradle-5.1.1/lib/native-platform-windows-i386-0.14.jar
7f339163c000-7f339163d000 r--s 00001000 08:01 1744712                    /home/iamrishav/.gradle/wrapper/dists/gradle-5.1.1-all/97z1ksx6lirer3kbvdnh7jtjg/gradle-5.1.1/lib/native-platform-linux-amd64-ncurses5-0.14.jar
7f339163d000-7f3391641000 r--s 00012000 08:01 1744694                    /home/iamrishav/.gradle/wrapper/dists/gradle-5.1.1-all/97z1ksx6lirer3kbvdnh7jtjg/gradle-5.1.1/lib/native-platform-0.14.jar
7f3391641000-7f3391645000 r--s 00042000 08:01 1744697                    /home/iamrishav/.gradle/wrapper/dists/gradle-5.1.1-all/97z1ksx6lirer3kbvdnh7jtjg/gradle-5.1.1/lib/jansi-1.17.1.jar
7f3391645000-7f3391648000 r--s 0000c000 08:01 1743719                    /home/iamrishav/.gradle/wrapper/dists/gradle-5.1.1-all/97z1ksx6lirer3kbvdnh7jtjg/gradle-5.1.1/lib/gradle-native-5.1.1.jar
7f3391648000-7f339164a000 r--s 0000c000 08:01 1744699                    /home/iamrishav/.gradle/wrapper/dists/gradle-5.1.1-all/97z1ksx6lirer3kbvdnh7jtjg/gradle-5.1.1/lib/objenesis-2.6.jar
7f339164a000-7f339164c000 r--s 00000000 08:01 1744701                    /home/iamrishav/.gradle/wrapper/dists/gradle-5.1.1-all/97z1ksx6lirer3kbvdnh7jtjg/gradle-5.1.1/lib/minlog-1.2.jar
7f339164c000-7f339167c000 r--s 0024b000 08:01 1744686                    /home/iamrishav/.gradle/wrapper/dists/gradle-5.1.1-all/97z1ksx6lirer3kbvdnh7jtjg/gradle-5.1.1/lib/guava-26.0-android.jar
7f339167c000-7f339169b000 r--s 001da000 08:01 1744691                    /home/iamrishav/.gradle/wrapper/dists/gradle-5.1.1-all/97z1ksx6lirer3kbvdnh7jtjg/gradle-5.1.1/lib/ant-1.9.13.jar
7f339169b000-7f33916d8000 r--s 0020d000 08:01 1743705                    /home/iamrishav/.gradle/wrapper/dists/gradle-5.1.1-all/97z1ksx6lirer3kbvdnh7jtjg/gradle-5.1.1/lib/gradle-core-5.1.1.jar
7f33916d8000-7f33916d9000 ---p 00000000 00:00 0 
7f33916d9000-7f33917d9000 rw-p 00000000 00:00 0 
7f33917d9000-7f33917dc000 ---p 00000000 00:00 0 
7f33917dc000-7f33918da000 rw-p 00000000 00:00 0 
7f33918da000-7f33918db000 ---p 00000000 00:00 0 
7f33918db000-7f33918de000 ---p 00000000 00:00 0 
7f33918de000-7f33919db000 rw-p 00000000 00:00 0 
7f33919db000-7f33919dc000 ---p 00000000 00:00 0 
7f33919dc000-7f33919df000 ---p 00000000 00:00 0 
7f33919df000-7f3391adc000 rw-p 00000000 00:00 0 
7f3391adc000-7f3391add000 ---p 00000000 00:00 0 
7f3391add000-7f3391ae0000 ---p 00000000 00:00 0 
7f3391ae0000-7f3391bdd000 rw-p 00000000 00:00 0 
7f3391bdd000-7f3391be0000 ---p 00000000 00:00 0 
7f3391be0000-7f3391cde000 rw-p 00000000 00:00 0 
7f3391cde000-7f33926ad000 r--p 00000000 08:01 4725866                    /usr/lib/locale/locale-archive
7f33926ad000-7f33926b0000 ---p 00000000 00:00 0 
7f33926b0000-7f33927ae000 rw-p 00000000 00:00 0 
7f33927ae000-7f33927b1000 ---p 00000000 00:00 0 
7f33927b1000-7f33928af000 rw-p 00000000 00:00 0 
7f33928af000-7f33928b0000 ---p 00000000 00:00 0 
7f33928b0000-7f3394000000 rw-p 00000000 00:00 0 
7f3394000000-7f3394021000 rw-p 00000000 00:00 0 
7f3394021000-7f3398000000 ---p 00000000 00:00 0 
7f3398000000-7f3398001000 r--s 00001000 08:01 1744713                    /home/iamrishav/.gradle/wrapper/dists/gradle-5.1.1-all/97z1ksx6lirer3kbvdnh7jtjg/gradle-5.1.1/lib/native-platform-linux-amd64-ncurses6-0.14.jar
7f3398001000-7f3398007000 r--s 0004d000 08:01 1744698                    /home/iamrishav/.gradle/wrapper/dists/gradle-5.1.1-all/97z1ksx6lirer3kbvdnh7jtjg/gradle-5.1.1/lib/kryo-2.24.0.jar
7f3398007000-7f339800e000 r--s 00030000 08:01 1743721                    /home/iamrishav/.gradle/wrapper/dists/gradle-5.1.1-all/97z1ksx6lirer3kbvdnh7jtjg/gradle-5.1.1/lib/gradle-messaging-5.1.1.jar
7f339800e000-7f3398010000 r--s 00006000 08:01 1743717                    /home/iamrishav/.gradle/wrapper/dists/gradle-5.1.1-all/97z1ksx6lirer3kbvdnh7jtjg/gradle-5.1.1/lib/gradle-process-services-5.1.1.jar
7f3398010000-7f3398012000 r--s 00000000 08:01 1743706                    /home/iamrishav/.gradle/wrapper/dists/gradle-5.1.1-all/97z1ksx6lirer3kbvdnh7jtjg/gradle-5.1.1/lib/gradle-jvm-services-5.1.1.jar
7f3398012000-7f3398014000 r--s 00003000 08:01 1744687                    /home/iamrishav/.gradle/wrapper/dists/gradle-5.1.1-all/97z1ksx6lirer3kbvdnh7jtjg/gradle-5.1.1/lib/jsr305-3.0.2.jar
7f3398014000-7f3398019000 r--s 00041000 08:01 1744681                    /home/iamrishav/.gradle/wrapper/dists/gradle-5.1.1-all/97z1ksx6lirer3kbvdnh7jtjg/gradle-5.1.1/lib/commons-lang-2.6.jar
7f3398019000-7f3398168000 rw-p 00000000 00:00 0 
7f3398168000-7f3398339000 r--s 03c88000 08:01 1311139                    /home/iamrishav/android-studio/jre/jre/lib/rt.jar
7f3398339000-7f339b6af000 rw-p 00000000 00:00 0 
7f339b6af000-7f339b6b0000 ---p 00000000 00:00 0 
7f339b6b0000-7f339b7b0000 rw-p 00000000 00:00 0 
7f339b7b0000-7f339b7b1000 ---p 00000000 00:00 0 
7f339b7b1000-7f339b8b1000 rw-p 00000000 00:00 0 
7f339b8b1000-7f339b8b2000 ---p 00000000 00:00 0 
7f339b8b2000-7f339b9b2000 rw-p 00000000 00:00 0 
7f339b9b2000-7f339b9b3000 ---p 00000000 00:00 0 
7f339b9b3000-7f339bac8000 rw-p 00000000 00:00 0 
7f339bac8000-7f339bcb3000 ---p 00000000 00:00 0 
7f339bcb3000-7f339bcc8000 rw-p 00000000 00:00 0 
7f339bcc8000-7f339beb3000 ---p 00000000 00:00 0 
7f339beb3000-7f339bed5000 rw-p 00000000 00:00 0 
7f339bed5000-7f339bfb3000 ---p 00000000 00:00 0 
7f339bfb3000-7f339bfc9000 rw-p 00000000 00:00 0 
7f339bfc9000-7f339c374000 ---p 00000000 00:00 0 
7f339c374000-7f339c8a4000 rwxp 00000000 00:00 0 
7f339c8a4000-7f33ab374000 ---p 00000000 00:00 0 
7f33ab374000-7f33ab38e000 r-xp 00000000 08:01 1311175                    /home/iamrishav/android-studio/jre/jre/lib/amd64/libzip.so
7f33ab38e000-7f33ab58d000 ---p 0001a000 08:01 1311175                    /home/iamrishav/android-studio/jre/jre/lib/amd64/libzip.so
7f33ab58d000-7f33ab58e000 r--p 00019000 08:01 1311175                    /home/iamrishav/android-studio/jre/jre/lib/amd64/libzip.so
7f33ab58e000-7f33ab58f000 rw-p 0001a000 08:01 1311175                    /home/iamrishav/android-studio/jre/jre/lib/amd64/libzip.so
7f33ab58f000-7f33ab59a000 r-xp 00000000 08:01 143253                     /lib/x86_64-linux-gnu/libnss_files-2.27.so
7f33ab59a000-7f33ab799000 ---p 0000b000 08:01 143253                     /lib/x86_64-linux-gnu/libnss_files-2.27.so
7f33ab799000-7f33ab79a000 r--p 0000a000 08:01 143253                     /lib/x86_64-linux-gnu/libnss_files-2.27.so
7f33ab79a000-7f33ab79b000 rw-p 0000b000 08:01 143253                     /lib/x86_64-linux-gnu/libnss_files-2.27.so
7f33ab79b000-7f33ab7a1000 rw-p 00000000 00:00 0 
7f33ab7a1000-7f33ab7b8000 r-xp 00000000 08:01 143247                     /lib/x86_64-linux-gnu/libnsl-2.27.so
7f33ab7b8000-7f33ab9b7000 ---p 00017000 08:01 143247                     /lib/x86_64-linux-gnu/libnsl-2.27.so
7f33ab9b7000-7f33ab9b8000 r--p 00016000 08:01 143247                     /lib/x86_64-linux-gnu/libnsl-2.27.so
7f33ab9b8000-7f33ab9b9000 rw-p 00017000 08:01 143247                     /lib/x86_64-linux-gnu/libnsl-2.27.so
7f33ab9b9000-7f33ab9bb000 rw-p 00000000 00:00 0 
7f33ab9bb000-7f33ab9c6000 r-xp 00000000 08:01 143264                     /lib/x86_64-linux-gnu/libnss_nis-2.27.so
7f33ab9c6000-7f33abbc5000 ---p 0000b000 08:01 143264                     /lib/x86_64-linux-gnu/libnss_nis-2.27.so
7f33abbc5000-7f33abbc6000 r--p 0000a000 08:01 143264                     /lib/x86_64-linux-gnu/libnss_nis-2.27.so
7f33abbc6000-7f33abbc7000 rw-p 0000b000 08:01 143264                     /lib/x86_64-linux-gnu/libnss_nis-2.27.so
7f33abbc7000-7f33abbcf000 r-xp 00000000 08:01 143249                     /lib/x86_64-linux-gnu/libnss_compat-2.27.so
7f33abbcf000-7f33abdcf000 ---p 00008000 08:01 143249                     /lib/x86_64-linux-gnu/libnss_compat-2.27.so
7f33abdcf000-7f33abdd0000 r--p 00008000 08:01 143249                     /lib/x86_64-linux-gnu/libnss_compat-2.27.so
7f33abdd0000-7f33abdd1000 rw-p 00009000 08:01 143249                     /lib/x86_64-linux-gnu/libnss_compat-2.27.so
7f33abdd1000-7f33abdfe000 r-xp 00000000 08:01 1311174                    /home/iamrishav/android-studio/jre/jre/lib/amd64/libjava.so
7f33abdfe000-7f33abffd000 ---p 0002d000 08:01 1311174                    /home/iamrishav/android-studio/jre/jre/lib/amd64/libjava.so
7f33abffd000-7f33abffe000 r--p 0002c000 08:01 1311174                    /home/iamrishav/android-studio/jre/jre/lib/amd64/libjava.so
7f33abffe000-7f33ac000000 rw-p 0002d000 08:01 1311174                    /home/iamrishav/android-studio/jre/jre/lib/amd64/libjava.so
7f33ac000000-7f33acfa4000 rw-p 00000000 00:00 0 
7f33acfa4000-7f33b0000000 ---p 00000000 00:00 0 
7f33b0000000-7f33b0001000 r--s 00001000 08:01 1744714                    /home/iamrishav/.gradle/wrapper/dists/gradle-5.1.1-all/97z1ksx6lirer3kbvdnh7jtjg/gradle-5.1.1/lib/native-platform-linux-i386-ncurses5-0.14.jar
7f33b0001000-7f33b0004000 r--s 0001c000 08:01 1744688                    /home/iamrishav/.gradle/wrapper/dists/gradle-5.1.1-all/97z1ksx6lirer3kbvdnh7jtjg/gradle-5.1.1/lib/fastutil-8.2.1-min.jar
7f33b0004000-7f33b0008000 r--s 00031000 08:01 1744680                    /home/iamrishav/.gradle/wrapper/dists/gradle-5.1.1-all/97z1ksx6lirer3kbvdnh7jtjg/gradle-5.1.1/lib/commons-io-2.6.jar
7f33b0008000-7f33b004a000 rw-p 00000000 00:00 0 
7f33b004a000-7f33b005b000 r-xp 00000000 08:01 1311156                    /home/iamrishav/android-studio/jre/jre/lib/amd64/libverify.so
7f33b005b000-7f33b025a000 ---p 00011000 08:01 1311156                    /home/iamrishav/android-studio/jre/jre/lib/amd64/libverify.so
7f33b025a000-7f33b025c000 r--p 00010000 08:01 1311156                    /home/iamrishav/android-studio/jre/jre/lib/amd64/libverify.so
7f33b025c000-7f33b025d000 rw-p 00012000 08:01 1311156                    /home/iamrishav/android-studio/jre/jre/lib/amd64/libverify.so
7f33b025d000-7f33b0264000 r-xp 00000000 08:01 143304                     /lib/x86_64-linux-gnu/librt-2.27.so
7f33b0264000-7f33b0463000 ---p 00007000 08:01 143304                     /lib/x86_64-linux-gnu/librt-2.27.so
7f33b0463000-7f33b0464000 r--p 00006000 08:01 143304                     /lib/x86_64-linux-gnu/librt-2.27.so
7f33b0464000-7f33b0465000 rw-p 00007000 08:01 143304                     /lib/x86_64-linux-gnu/librt-2.27.so
7f33b0465000-7f33b0602000 r-xp 00000000 08:01 143226                     /lib/x86_64-linux-gnu/libm-2.27.so
7f33b0602000-7f33b0801000 ---p 0019d000 08:01 143226                     /lib/x86_64-linux-gnu/libm-2.27.so
7f33b0801000-7f33b0802000 r--p 0019c000 08:01 143226                     /lib/x86_64-linux-gnu/libm-2.27.so
7f33b0802000-7f33b0803000 rw-p 0019d000 08:01 143226                     /lib/x86_64-linux-gnu/libm-2.27.so
7f33b0803000-7f33b146f000 r-xp 00000000 08:01 1311149                    /home/iamrishav/android-studio/jre/jre/lib/amd64/server/libjvm.so
7f33b146f000-7f33b166f000 ---p 00c6c000 08:01 1311149                    /home/iamrishav/android-studio/jre/jre/lib/amd64/server/libjvm.so
7f33b166f000-7f33b1703000 r--p 00c6c000 08:01 1311149                    /home/iamrishav/android-studio/jre/jre/lib/amd64/server/libjvm.so
7f33b1703000-7f33b172b000 rw-p 00d00000 08:01 1311149                    /home/iamrishav/android-studio/jre/jre/lib/amd64/server/libjvm.so
7f33b172b000-7f33b175c000 rw-p 00000000 00:00 0 
7f33b175c000-7f33b1943000 r-xp 00000000 08:01 143163                     /lib/x86_64-linux-gnu/libc-2.27.so
7f33b1943000-7f33b1b43000 ---p 001e7000 08:01 143163                     /lib/x86_64-linux-gnu/libc-2.27.so
7f33b1b43000-7f33b1b47000 r--p 001e7000 08:01 143163                     /lib/x86_64-linux-gnu/libc-2.27.so
7f33b1b47000-7f33b1b49000 rw-p 001eb000 08:01 143163                     /lib/x86_64-linux-gnu/libc-2.27.so
7f33b1b49000-7f33b1b4d000 rw-p 00000000 00:00 0 
7f33b1b4d000-7f33b1b50000 r-xp 00000000 08:01 143186                     /lib/x86_64-linux-gnu/libdl-2.27.so
7f33b1b50000-7f33b1d4f000 ---p 00003000 08:01 143186                     /lib/x86_64-linux-gnu/libdl-2.27.so
7f33b1d4f000-7f33b1d50000 r--p 00002000 08:01 143186                     /lib/x86_64-linux-gnu/libdl-2.27.so
7f33b1d50000-7f33b1d51000 rw-p 00003000 08:01 143186                     /lib/x86_64-linux-gnu/libdl-2.27.so
7f33b1d51000-7f33b1d67000 r-xp 00000000 08:01 1311252                    /home/iamrishav/android-studio/jre/lib/amd64/jli/libjli.so
7f33b1d67000-7f33b1f67000 ---p 00016000 08:01 1311252                    /home/iamrishav/android-studio/jre/lib/amd64/jli/libjli.so
7f33b1f67000-7f33b1f68000 r--p 00016000 08:01 1311252                    /home/iamrishav/android-studio/jre/lib/amd64/jli/libjli.so
7f33b1f68000-7f33b1f69000 rw-p 00017000 08:01 1311252                    /home/iamrishav/android-studio/jre/lib/amd64/jli/libjli.so
7f33b1f69000-7f33b1f83000 r-xp 00000000 08:01 143296                     /lib/x86_64-linux-gnu/libpthread-2.27.so
7f33b1f83000-7f33b2182000 ---p 0001a000 08:01 143296                     /lib/x86_64-linux-gnu/libpthread-2.27.so
7f33b2182000-7f33b2183000 r--p 00019000 08:01 143296                     /lib/x86_64-linux-gnu/libpthread-2.27.so
7f33b2183000-7f33b2184000 rw-p 0001a000 08:01 143296                     /lib/x86_64-linux-gnu/libpthread-2.27.so
7f33b2184000-7f33b2188000 rw-p 00000000 00:00 0 
7f33b2188000-7f33b21af000 r-xp 00000000 08:01 143135                     /lib/x86_64-linux-gnu/ld-2.27.so
7f33b21af000-7f33b21b0000 r--s 00001000 08:01 1744715                    /home/iamrishav/.gradle/wrapper/dists/gradle-5.1.1-all/97z1ksx6lirer3kbvdnh7jtjg/gradle-5.1.1/lib/native-platform-linux-i386-ncurses6-0.14.jar
7f33b21b0000-7f33b21be000 r--s 0003c000 08:01 1743713                    /home/iamrishav/.gradle/wrapper/dists/gradle-5.1.1-all/97z1ksx6lirer3kbvdnh7jtjg/gradle-5.1.1/lib/gradle-core-api-5.1.1.jar
7f33b21be000-7f33b21cb000 r--s 0006c000 08:01 1743722                    /home/iamrishav/.gradle/wrapper/dists/gradle-5.1.1-all/97z1ksx6lirer3kbvdnh7jtjg/gradle-5.1.1/lib/gradle-base-services-5.1.1.jar
7f33b21cb000-7f33b228d000 rw-p 00000000 00:00 0 
7f33b228d000-7f33b228e000 ---p 00000000 00:00 0 
7f33b228e000-7f33b2291000 ---p 00000000 00:00 0 
7f33b2291000-7f33b2392000 rw-p 00000000 00:00 0 
7f33b2392000-7f33b2393000 r--s 00000000 08:01 1744689                    /home/iamrishav/.gradle/wrapper/dists/gradle-5.1.1-all/97z1ksx6lirer3kbvdnh7jtjg/gradle-5.1.1/lib/jcip-annotations-1.0.jar
7f33b2393000-7f33b2395000 r--s 0001a000 08:01 1744679                    /home/iamrishav/.gradle/wrapper/dists/gradle-5.1.1-all/97z1ksx6lirer3kbvdnh7jtjg/gradle-5.1.1/lib/asm-7.0.jar
7f33b2395000-7f33b2397000 r--s 00009000 08:01 1744685                    /home/iamrishav/.gradle/wrapper/dists/gradle-5.1.1-all/97z1ksx6lirer3kbvdnh7jtjg/gradle-5.1.1/lib/slf4j-api-1.7.25.jar
7f33b2397000-7f33b2398000 r--s 00004000 08:01 1744700                    /home/iamrishav/.gradle/wrapper/dists/gradle-5.1.1-all/97z1ksx6lirer3kbvdnh7jtjg/gradle-5.1.1/lib/ant-launcher-1.9.13.jar
7f33b2398000-7f33b23a5000 r--s 0006d000 08:01 1743700                    /home/iamrishav/.gradle/wrapper/dists/gradle-5.1.1-all/97z1ksx6lirer3kbvdnh7jtjg/gradle-5.1.1/lib/gradle-launcher-5.1.1.jar
7f33b23a5000-7f33b23ad000 rw-s 00000000 08:01 6422617                    /tmp/hsperfdata_iamrishav/4145
7f33b23ad000-7f33b23ae000 rw-p 00000000 00:00 0 
7f33b23ae000-7f33b23af000 ---p 00000000 00:00 0 
7f33b23af000-7f33b23b0000 r--p 00027000 08:01 143135                     /lib/x86_64-linux-gnu/ld-2.27.so
7f33b23b0000-7f33b23b1000 rw-p 00028000 08:01 143135                     /lib/x86_64-linux-gnu/ld-2.27.so
7f33b23b1000-7f33b23b2000 rw-p 00000000 00:00 0 
7ffe907c9000-7ffe907ea000 rw-p 00000000 00:00 0                          [stack]
7ffe907f5000-7ffe907f8000 r--p 00000000 00:00 0                          [vvar]
7ffe907f8000-7ffe907fa000 r-xp 00000000 00:00 0                          [vdso]
ffffffffff600000-ffffffffff601000 r-xp 00000000 00:00 0                  [vsyscall]

VM Arguments:
jvm_args: -Xmx1536m -Dfile.encoding=UTF-8 -Duser.country=IN -Duser.language=en -Duser.variant 
java_command: org.gradle.launcher.daemon.bootstrap.GradleDaemon 5.1.1
java_class_path (initial): /home/iamrishav/.gradle/wrapper/dists/gradle-5.1.1-all/97z1ksx6lirer3kbvdnh7jtjg/gradle-5.1.1/lib/gradle-launcher-5.1.1.jar
Launcher Type: SUN_STANDARD

Environment Variables:
PATH=/usr/local/sbin:/usr/local/bin:/usr/sbin:/usr/bin:/sbin:/bin:/usr/games:/usr/local/games:/usr/lib/jvm/java-8-oracle:/usr/lib/jvm/java-8-oracle/jre:/snap/bin
USERNAME=iamrishav
SHELL=/bin/bash
DISPLAY=:0

Signal Handlers:
SIGSEGV: [libjvm.so+0xa71660], sa_mask[0]=11111111011111111101111111111110, sa_flags=SA_RESTART|SA_SIGINFO
SIGBUS: [libjvm.so+0xa71660], sa_mask[0]=11111111011111111101111111111110, sa_flags=SA_RESTART|SA_SIGINFO
SIGFPE: [libjvm.so+0x8b1770], sa_mask[0]=11111111011111111101111111111110, sa_flags=SA_RESTART|SA_SIGINFO
SIGPIPE: [libjvm.so+0x8b1770], sa_mask[0]=11111111011111111101111111111110, sa_flags=SA_RESTART|SA_SIGINFO
SIGXFSZ: [libjvm.so+0x8b1770], sa_mask[0]=11111111011111111101111111111110, sa_flags=SA_RESTART|SA_SIGINFO
SIGILL: [libjvm.so+0x8b1770], sa_mask[0]=11111111011111111101111111111110, sa_flags=SA_RESTART|SA_SIGINFO
SIGUSR1: SIG_DFL, sa_mask[0]=00000000000000000000000000000000, sa_flags=none
SIGUSR2: [libjvm.so+0x8b1640], sa_mask[0]=00100000000000000000000000000000, sa_flags=SA_RESTART|SA_SIGINFO
SIGHUP: [libjvm.so+0x8b1aa0], sa_mask[0]=11111111011111111101111111111110, sa_flags=SA_RESTART|SA_SIGINFO
SIGINT: [libjvm.so+0x8b1aa0], sa_mask[0]=11111111011111111101111111111110, sa_flags=SA_RESTART|SA_SIGINFO
SIGTERM: [libjvm.so+0x8b1aa0], sa_mask[0]=11111111011111111101111111111110, sa_flags=SA_RESTART|SA_SIGINFO
SIGQUIT: [libjvm.so+0x8b1aa0], sa_mask[0]=11111111011111111101111111111110, sa_flags=SA_RESTART|SA_SIGINFO


---------------  S Y S T E M  ---------------

OS:DISTRIB_ID=Ubuntu
DISTRIB_RELEASE=18.04
DISTRIB_CODENAME=bionic
DISTRIB_DESCRIPTION="Ubuntu 18.04.1 LTS"

uname:Linux 4.15.0-47-generic #50-Ubuntu SMP Wed Mar 13 10:44:52 UTC 2019 x86_64
libc:glibc 2.27 NPTL 2.27 
rlimit: STACK 8192k, CORE 0k, NPROC 15279, NOFILE 1048576, AS infinity
load average:12.25 5.31 3.10

/proc/meminfo:
MemTotal:        3974192 kB
MemFree:           88108 kB
MemAvailable:       5984 kB
Buffers:             588 kB
Cached:            76432 kB
SwapCached:         1052 kB
Active:          3030220 kB
Inactive:         616156 kB
Active(anon):    3029380 kB
Inactive(anon):   606008 kB
Active(file):        840 kB
Inactive(file):    10148 kB
Unevictable:          32 kB
Mlocked:              32 kB
SwapTotal:       2097148 kB
SwapFree:              0 kB
Dirty:                12 kB
Writeback:            88 kB
AnonPages:       3568500 kB
Mapped:            12464 kB
Shmem:             65968 kB
Slab:             115532 kB
SReclaimable:      69376 kB
SUnreclaim:        46156 kB
KernelStack:       13328 kB
PageTables:        49588 kB
NFS_Unstable:          0 kB
Bounce:                0 kB
WritebackTmp:          0 kB
CommitLimit:     4084244 kB
Committed_AS:    9715832 kB
VmallocTotal:   34359738367 kB
VmallocUsed:           0 kB
VmallocChunk:          0 kB
HardwareCorrupted:     0 kB
AnonHugePages:         0 kB
ShmemHugePages:        0 kB
ShmemPmdMapped:        0 kB
CmaTotal:              0 kB
CmaFree:               0 kB
HugePages_Total:       0
HugePages_Free:        0
HugePages_Rsvd:        0
HugePages_Surp:        0
Hugepagesize:       2048 kB
DirectMap4k:      160448 kB
DirectMap2M:     3969024 kB
DirectMap1G:     1048576 kB


CPU:total 4 (initial active 4) (2 cores per cpu, 2 threads per core) family 6 model 69 stepping 1, cmov, cx8, fxsr, mmx, sse, sse2, sse3, ssse3, sse4.1, sse4.2, popcnt, avx, avx2, aes, clmul, erms, lzcnt, ht, tsc, tscinvbit, bmi1, bmi2

/proc/cpuinfo:
processor	: 0
vendor_id	: GenuineIntel
cpu family	: 6
model		: 69
model name	: Intel(R) Core(TM) i3-4005U CPU @ 1.70GHz
stepping	: 1
microcode	: 0x24
cpu MHz		: 1696.125
cache size	: 3072 KB
physical id	: 0
siblings	: 4
core id		: 0
cpu cores	: 2
apicid		: 0
initial apicid	: 0
fpu		: yes
fpu_exception	: yes
cpuid level	: 13
wp		: yes
flags		: fpu vme de pse tsc msr pae mce cx8 apic sep mtrr pge mca cmov pat pse36 clflush dts acpi mmx fxsr sse sse2 ss ht tm pbe syscall nx pdpe1gb rdtscp lm constant_tsc arch_perfmon pebs bts rep_good nopl xtopology nonstop_tsc cpuid aperfmperf pni pclmulqdq dtes64 monitor ds_cpl vmx est tm2 ssse3 sdbg fma cx16 xtpr pdcm pcid sse4_1 sse4_2 movbe popcnt tsc_deadline_timer aes xsave avx f16c rdrand lahf_lm abm cpuid_fault epb invpcid_single pti ssbd ibrs ibpb stibp tpr_shadow vnmi flexpriority ept vpid fsgsbase tsc_adjust bmi1 avx2 smep bmi2 erms invpcid xsaveopt dtherm ida arat pln pts flush_l1d
bugs		: cpu_meltdown spectre_v1 spectre_v2 spec_store_bypass l1tf
bogomips	: 3392.23
clflush size	: 64
cache_alignment	: 64
address sizes	: 39 bits physical, 48 bits virtual
power management:

processor	: 1
vendor_id	: GenuineIntel
cpu family	: 6
model		: 69
model name	: Intel(R) Core(TM) i3-4005U CPU @ 1.70GHz
stepping	: 1
microcode	: 0x24
cpu MHz		: 1696.117
cache size	: 3072 KB
physical id	: 0
siblings	: 4
core id		: 0
cpu cores	: 2
apicid		: 1
initial apicid	: 1
fpu		: yes
fpu_exception	: yes
cpuid level	: 13
wp		: yes
flags		: fpu vme de pse tsc msr pae mce cx8 apic sep mtrr pge mca cmov pat pse36 clflush dts acpi mmx fxsr sse sse2 ss ht tm pbe syscall nx pdpe1gb rdtscp lm constant_tsc arch_perfmon pebs bts rep_good nopl xtopology nonstop_tsc cpuid aperfmperf pni pclmulqdq dtes64 monitor ds_cpl vmx est tm2 ssse3 sdbg fma cx16 xtpr pdcm pcid sse4_1 sse4_2 movbe popcnt tsc_deadline_timer aes xsave avx f16c rdrand lahf_lm abm cpuid_fault epb invpcid_single pti ssbd ibrs ibpb stibp tpr_shadow vnmi flexpriority ept vpid fsgsbase tsc_adjust bmi1 avx2 smep bmi2 erms invpcid xsaveopt dtherm ida arat pln pts flush_l1d
bugs		: cpu_meltdown spectre_v1 spectre_v2 spec_store_bypass l1tf
bogomips	: 3392.23
clflush size	: 64
cache_alignment	: 64
address sizes	: 39 bits physical, 48 bits virtual
power management:

processor	: 2
vendor_id	: GenuineIntel
cpu family	: 6
model		: 69
model name	: Intel(R) Core(TM) i3-4005U CPU @ 1.70GHz
stepping	: 1
microcode	: 0x24
cpu MHz		: 1696.112
cache size	: 3072 KB
physical id	: 0
siblings	: 4
core id		: 1
cpu cores	: 2
apicid		: 2
initial apicid	: 2
fpu		: yes
fpu_exception	: yes
cpuid level	: 13
wp		: yes
flags		: fpu vme de pse tsc msr pae mce cx8 apic sep mtrr pge mca cmov pat pse36 clflush dts acpi mmx fxsr sse sse2 ss ht tm pbe syscall nx pdpe1gb rdtscp lm constant_tsc arch_perfmon pebs bts rep_good nopl xtopology nonstop_tsc cpuid aperfmperf pni pclmulqdq dtes64 monitor ds_cpl vmx est tm2 ssse3 sdbg fma cx16 xtpr pdcm pcid sse4_1 sse4_2 movbe popcnt tsc_deadline_timer aes xsave avx f16c rdrand lahf_lm abm cpuid_fault epb invpcid_single pti ssbd ibrs ibpb stibp tpr_shadow vnmi flexpriority ept vpid fsgsbase tsc_adjust bmi1 avx2 smep bmi2 erms invpcid xsaveopt dtherm ida arat pln pts flush_l1d
bugs		: cpu_meltdown spectre_v1 spectre_v2 spec_store_bypass l1tf
bogomips	: 3392.23
clflush size	: 64
cache_alignment	: 64
address sizes	: 39 bits physical, 48 bits virtual
power management:

processor	: 3
vendor_id	: GenuineIntel
cpu family	: 6
model		: 69
model name	: Intel(R) Core(TM) i3-4005U CPU @ 1.70GHz
stepping	: 1
microcode	: 0x24
cpu MHz		: 1696.119
cache size	: 3072 KB
physical id	: 0
siblings	: 4
core id		: 1
cpu cores	: 2
apicid		: 3
initial apicid	: 3
fpu		: yes
fpu_exception	: yes
cpuid level	: 13
wp		: yes
flags		: fpu vme de pse tsc msr pae mce cx8 apic sep mtrr pge mca cmov pat pse36 clflush dts acpi mmx fxsr sse sse2 ss ht tm pbe syscall nx pdpe1gb rdtscp lm constant_tsc arch_perfmon pebs bts rep_good nopl xtopology nonstop_tsc cpuid aperfmperf pni pclmulqdq dtes64 monitor ds_cpl vmx est tm2 ssse3 sdbg fma cx16 xtpr pdcm pcid sse4_1 sse4_2 movbe popcnt tsc_deadline_timer aes xsave avx f16c rdrand lahf_lm abm cpuid_fault epb invpcid_single pti ssbd ibrs ibpb stibp tpr_shadow vnmi flexpriority ept vpid fsgsbase tsc_adjust bmi1 avx2 smep bmi2 erms invpcid xsaveopt dtherm ida arat pln pts flush_l1d
bugs		: cpu_meltdown spectre_v1 spectre_v2 spec_store_bypass l1tf
bogomips	: 3392.23
clflush size	: 64
cache_alignment	: 64
address sizes	: 39 bits physical, 48 bits virtual
power management:



Memory: 4k page, physical 3974192k(88748k free), swap 2097148k(0k free)

vm_info: OpenJDK 64-Bit Server VM (25.152-b01) for linux-amd64 JRE (1.8.0_152-release-1248-b01), built by "builder" with gcc 7.3.0

time: Fri May  3 19:54:40 2019
elapsed time: 63 seconds (0d 0h 1m 3s)

